2024-09-05 08:16:03 Server running on http://127.0.0.1:8001
2024-09-05 08:16:03 Initializing CCTV sessions...
2024-09-05 08:16:03 
############### Starting Python Script ###############


2024-09-05 08:16:05 [PY] 2024-09-05 08:16:05,026 INFO: [MAIN] Logging setup completed!

2024-09-05 08:16:05 [PY] 2024-09-05 08:16:05,027 INFO: [INFO] Initializing all session IDs.
2024-09-05 08:16:05,027 INFO: [PREPARE] Preparing session for camera 7
2024-09-05 08:16:05,028 INFO: [PREPARE] Preparing session for camera 11

2024-09-05 08:16:05 [PY] 2024-09-05 08:16:05,028 INFO: [PREPARE] Preparing session for camera 39

2024-09-05 08:16:05 [PY] 2024-09-05 08:16:05,029 INFO: [PREPARE] Preparing session for camera 77

2024-09-05 08:16:05 [PY] 2024-09-05 08:16:05,030 INFO: [PREPARE] Preparing session for camera 83

2024-09-05 08:16:05 [PY] 2024-09-05 08:16:05,032 INFO: [PREPARE] Preparing session for camera 572

2024-09-05 08:16:12 [PY] 2024-09-05 08:16:12,097 INFO: [77] Obtained session ID: hzsgy1h5vyvn3avgcr3p2klx

2024-09-05 08:16:12 [PY] 2024-09-05 08:16:12,235 INFO: [77] Playing video for session ID: hzsgy1h5vyvn3avgcr3p2klx

2024-09-05 08:16:12 [PY] 2024-09-05 08:16:12,235 INFO: [PREPARE] Session ready for camera 77

2024-09-05 08:16:12 [PY] 2024-09-05 08:16:12,324 INFO: [11] Obtained session ID: y0adbhsa0sbakyxcxpwcoeib

2024-09-05 08:16:12 [PY] 2024-09-05 08:16:12,348 INFO: [572] Obtained session ID: na05po15rfankfvtgfw0j3is

2024-09-05 08:16:12 [PY] 2024-09-05 08:16:12,454 INFO: [39] Obtained session ID: 252hsvzfwsy1gn44qilesdin

2024-09-05 08:16:12 [PY] 2024-09-05 08:16:12,460 INFO: [83] Obtained session ID: lvztojkyf1pucgawsz1t1vsr

2024-09-05 08:16:12 [PY] 2024-09-05 08:16:12,475 INFO: [11] Playing video for session ID: y0adbhsa0sbakyxcxpwcoeib

2024-09-05 08:16:12 [PY] 2024-09-05 08:16:12,475 INFO: [PREPARE] Session ready for camera 11

2024-09-05 08:16:12 [PY] 2024-09-05 08:16:12,477 INFO: [572] Playing video for session ID: na05po15rfankfvtgfw0j3is

2024-09-05 08:16:12 [PY] 2024-09-05 08:16:12,477 INFO: [PREPARE] Session ready for camera 572

2024-09-05 08:16:12 [PY] 2024-09-05 08:16:12,563 INFO: [7] Obtained session ID: yejqhfrhtadettmj543nqvos

2024-09-05 08:16:12 [PY] 2024-09-05 08:16:12,587 INFO: [39] Playing video for session ID: 252hsvzfwsy1gn44qilesdin

2024-09-05 08:16:12 [PY] 2024-09-05 08:16:12,588 INFO: [PREPARE] Session ready for camera 39

2024-09-05 08:16:12 [PY] 2024-09-05 08:16:12,625 INFO: [83] Playing video for session ID: lvztojkyf1pucgawsz1t1vsr

2024-09-05 08:16:12 [PY] 2024-09-05 08:16:12,625 INFO: [PREPARE] Session ready for camera 83

2024-09-05 08:16:12 [PY] 2024-09-05 08:16:12,694 INFO: [7] Playing video for session ID: yejqhfrhtadettmj543nqvos
2024-09-05 08:16:12,694 INFO: [PREPARE] Session ready for camera 7

2024-09-05 08:16:12 [PY] 2024-09-05 08:16:12,694 INFO: [INFO] Total number of scraped CCTVs: 6
2024-09-05 08:16:12,694 INFO: [INFO] Successfully processed 6 CCTVs out of 6.
2024-09-05 08:16:12,695 INFO: [INFO] JSON data has been written to ./cctvSessionTemp/cctv_sessions_2024-09-05_08-16-12.json
2024-09-05 08:16:12,695 INFO: [INFO] All session IDs have been successfully prepared and saved.



2024-09-05 08:16:12 Python script exited with code 0
2024-09-05 08:16:12 

############### End of Python Script ###############


2024-09-05 08:16:12 Latest JSON file: cctv_sessions_2024-09-05_08-16-12.json
2024-09-05 08:16:12 Loaded CCTV sessions: {"7":"yejqhfrhtadettmj543nqvos","11":"y0adbhsa0sbakyxcxpwcoeib","39":"252hsvzfwsy1gn44qilesdin","77":"hzsgy1h5vyvn3avgcr3p2klx","83":"lvztojkyf1pucgawsz1t1vsr","572":"na05po15rfankfvtgfw0j3is"}
2024-09-05 08:16:12 All sessions initialized.
2024-09-05 08:16:12 Session initialization completed.
2024-09-05 08:17:06 User requested CCTV: 7
2024-09-05 08:17:11 User requested CCTV: 77
2024-09-05 08:17:59 User requested CCTV: 7
2024-09-05 08:18:05 User requested CCTV: 77
2024-09-05 08:18:18 User requested CCTV: 11
2024-09-05 08:18:24 User requested CCTV: 39
2024-09-05 08:18:44 User requested CCTV: 83
2024-09-05 08:21:29 User requested CCTV: 39
2024-09-05 08:21:37 User requested CCTV: 7
2024-09-05 08:21:48 User requested CCTV: 77
2024-09-05 08:24:03 User requested CCTV: 7
2024-09-05 08:24:35 User requested CCTV: 7
2024-09-05 08:26:25 User requested CCTV: 7
2024-09-05 08:26:45 User requested CCTV: 7
2024-09-05 08:26:57 User requested CCTV: 7
2024-09-05 08:28:33 User requested CCTV: 77
2024-09-05 08:30:00 Running scheduled session initialization...
2024-09-05 08:30:00 Initializing CCTV sessions...
2024-09-05 08:30:00 
############### Starting Python Script ###############


2024-09-05 08:30:01 [PY] 2024-09-05 08:30:01,287 INFO: [MAIN] Logging setup completed!
2024-09-05 08:30:01,287 INFO: [INFO] Initializing all session IDs.

2024-09-05 08:30:01 [PY] 2024-09-05 08:30:01,287 INFO: [PREPARE] Preparing session for camera 7
2024-09-05 08:30:01,288 INFO: [PREPARE] Preparing session for camera 11
2024-09-05 08:30:01,288 INFO: [PREPARE] Preparing session for camera 39
2024-09-05 08:30:01,289 INFO: [PREPARE] Preparing session for camera 77
2024-09-05 08:30:01,291 INFO: [PREPARE] Preparing session for camera 83

2024-09-05 08:30:01 [PY] 2024-09-05 08:30:01,291 INFO: [PREPARE] Preparing session for camera 572

2024-09-05 08:30:06 [PY] 2024-09-05 08:30:06,842 INFO: [572] Obtained session ID: yfjgjw1rodkr1klcnll2rtz5

2024-09-05 08:30:06 [PY] 2024-09-05 08:30:06,994 INFO: [572] Playing video for session ID: yfjgjw1rodkr1klcnll2rtz5

2024-09-05 08:30:06 [PY] 2024-09-05 08:30:06,995 INFO: [PREPARE] Session ready for camera 572

2024-09-05 08:30:07 [PY] 2024-09-05 08:30:07,273 INFO: [39] Obtained session ID: nqqhdmf0rqb2huudkq4tkvdb

2024-09-05 08:30:07 [PY] 2024-09-05 08:30:07,437 INFO: [39] Playing video for session ID: nqqhdmf0rqb2huudkq4tkvdb

2024-09-05 08:30:07 [PY] 2024-09-05 08:30:07,437 INFO: [PREPARE] Session ready for camera 39

2024-09-05 08:30:07 [PY] 2024-09-05 08:30:07,442 INFO: [83] Obtained session ID: t5fdmu1pegzeujvjtglibuwm

2024-09-05 08:30:07 [PY] 2024-09-05 08:30:07,519 INFO: [11] Obtained session ID: aurogvcbcuqxjrsyfgmnbyno

2024-09-05 08:30:07 [PY] 2024-09-05 08:30:07,582 INFO: [77] Obtained session ID: 15tlqbc3qzy43aweprnzjjvj

2024-09-05 08:30:07 [PY] 2024-09-05 08:30:07,598 INFO: [83] Playing video for session ID: t5fdmu1pegzeujvjtglibuwm

2024-09-05 08:30:07 [PY] 2024-09-05 08:30:07,599 INFO: [PREPARE] Session ready for camera 83

2024-09-05 08:30:07 [PY] 2024-09-05 08:30:07,666 INFO: [11] Playing video for session ID: aurogvcbcuqxjrsyfgmnbyno

2024-09-05 08:30:07 [PY] 2024-09-05 08:30:07,667 INFO: [PREPARE] Session ready for camera 11

2024-09-05 08:30:07 [PY] 2024-09-05 08:30:07,705 INFO: [7] Obtained session ID: jyng1kf335yzndsqfxw04z4f

2024-09-05 08:30:07 [PY] 2024-09-05 08:30:07,724 INFO: [77] Playing video for session ID: 15tlqbc3qzy43aweprnzjjvj

2024-09-05 08:30:07 [PY] 2024-09-05 08:30:07,725 INFO: [PREPARE] Session ready for camera 77

2024-09-05 08:30:07 [PY] 2024-09-05 08:30:07,853 INFO: [7] Playing video for session ID: jyng1kf335yzndsqfxw04z4f

2024-09-05 08:30:07 [PY] 2024-09-05 08:30:07,853 INFO: [PREPARE] Session ready for camera 7
2024-09-05 08:30:07,853 INFO: [INFO] Total number of scraped CCTVs: 6
2024-09-05 08:30:07,854 INFO: [INFO] Successfully processed 6 CCTVs out of 6.

2024-09-05 08:30:07 [PY] 2024-09-05 08:30:07,855 INFO: [INFO] JSON data has been written to ./cctvSessionTemp/cctv_sessions_2024-09-05_08-30-07.json

2024-09-05 08:30:07 [PY] 2024-09-05 08:30:07,855 INFO: [INFO] All session IDs have been successfully prepared and saved.



2024-09-05 08:30:07 Python script exited with code 0
2024-09-05 08:30:07 

############### End of Python Script ###############


2024-09-05 08:30:07 Latest JSON file: cctv_sessions_2024-09-05_08-30-07.json
2024-09-05 08:30:07 Loaded CCTV sessions: {"7":"jyng1kf335yzndsqfxw04z4f","11":"aurogvcbcuqxjrsyfgmnbyno","39":"nqqhdmf0rqb2huudkq4tkvdb","77":"15tlqbc3qzy43aweprnzjjvj","83":"t5fdmu1pegzeujvjtglibuwm","572":"yfjgjw1rodkr1klcnll2rtz5"}
2024-09-05 08:30:07 All sessions initialized.
