2024-09-03 13:48:31 Server running on http://127.0.0.1:80012024-09-03 13:48:31 Initializing CCTV sessions...2024-09-03 13:48:31 
############### Starting Python Script ###############

2024-09-03 13:48:32 [PY] 2024-09-03 13:48:32,195 INFO: [MAIN] Logging setup completed!
2024-09-03 13:48:32,195 INFO: [INFO] Initializing all session IDs.
2024-09-03 13:48:32 [PY] 2024-09-03 13:48:32,195 INFO: [PREPARE] Preparing session for camera 7
2024-09-03 13:48:32,196 INFO: [PREPARE] Preparing session for camera 11
2024-09-03 13:48:32,196 INFO: [PREPARE] Preparing session for camera 39
2024-09-03 13:48:32 [PY] 2024-09-03 13:48:32,197 INFO: [PREPARE] Preparing session for camera 77
2024-09-03 13:48:32 [PY] 2024-09-03 13:48:32,199 INFO: [PREPARE] Preparing session for camera 83
2024-09-03 13:48:32 [PY] 2024-09-03 13:48:32,200 INFO: [PREPARE] Preparing session for camera 572
2024-09-03 13:48:36 [PY] 2024-09-03 13:48:36,758 INFO: [39] Obtained session ID: dp1ru44yfjqpoxbnbuceqdac
2024-09-03 13:48:36 [PY] 2024-09-03 13:48:36,808 INFO: [39] Playing video for session ID: dp1ru44yfjqpoxbnbuceqdac
2024-09-03 13:48:36 [PY] 2024-09-03 13:48:36,808 INFO: [PREPARE] Session ready for camera 39
2024-09-03 13:48:37 [PY] 2024-09-03 13:48:37,364 INFO: [11] Obtained session ID: xfcymjxrmcluwy5idcijj14n
2024-09-03 13:48:37 [PY] 2024-09-03 13:48:37,405 INFO: [11] Playing video for session ID: xfcymjxrmcluwy5idcijj14n
2024-09-03 13:48:37 [PY] 2024-09-03 13:48:37,406 INFO: [PREPARE] Session ready for camera 11
2024-09-03 13:48:37 [PY] 2024-09-03 13:48:37,412 INFO: [77] Obtained session ID: di1gnzx5c1xblo5hbz2xwhpx
2024-09-03 13:48:37 [PY] 2024-09-03 13:48:37,419 INFO: [7] Obtained session ID: j44i0bramagb1b2rmtk5may5
2024-09-03 13:48:37 [PY] 2024-09-03 13:48:37,425 INFO: [572] Obtained session ID: yagob0l5g5eauw13tg2udwke
2024-09-03 13:48:37 [PY] 2024-09-03 13:48:37,454 INFO: [77] Playing video for session ID: di1gnzx5c1xblo5hbz2xwhpx
2024-09-03 13:48:37 [PY] 2024-09-03 13:48:37,454 INFO: [7] Playing video for session ID: j44i0bramagb1b2rmtk5may5
2024-09-03 13:48:37 [PY] 2024-09-03 13:48:37,454 INFO: [PREPARE] Session ready for camera 77
2024-09-03 13:48:37,454 INFO: [PREPARE] Session ready for camera 7
2024-09-03 13:48:37 [PY] 2024-09-03 13:48:37,467 INFO: [572] Playing video for session ID: yagob0l5g5eauw13tg2udwke
2024-09-03 13:48:37 [PY] 2024-09-03 13:48:37,467 INFO: [PREPARE] Session ready for camera 572
2024-09-03 13:48:37 [PY] 2024-09-03 13:48:37,478 INFO: [83] Obtained session ID: akk1fvcfpbahgetv0nb2501r
2024-09-03 13:48:37 [PY] 2024-09-03 13:48:37,514 INFO: [83] Playing video for session ID: akk1fvcfpbahgetv0nb2501r
2024-09-03 13:48:37 [PY] 2024-09-03 13:48:37,514 INFO: [PREPARE] Session ready for camera 83
2024-09-03 13:48:37,514 INFO: [INFO] Total number of scraped CCTVs: 6
2024-09-03 13:48:37,514 INFO: [INFO] Successfully processed 6 CCTVs out of 6.
2024-09-03 13:48:37 [PY] 2024-09-03 13:48:37,517 INFO: [INFO] JSON data has been written to ./cctvSessionTemp/cctv_sessions_2024-09-03_13-48-37.json
2024-09-03 13:48:37,517 INFO: [INFO] All session IDs have been successfully prepared and saved.


2024-09-03 13:48:37 Python script exited with code 02024-09-03 13:48:37 
############### End of Python Script ###############

2024-09-03 13:48:37 Latest JSON file: cctv_sessions_2024-09-03_13-48-37.json2024-09-03 13:48:37 Loaded CCTV sessions: {"7":"j44i0bramagb1b2rmtk5may5","11":"xfcymjxrmcluwy5idcijj14n","39":"dp1ru44yfjqpoxbnbuceqdac","77":"di1gnzx5c1xblo5hbz2xwhpx","83":"akk1fvcfpbahgetv0nb2501r","572":"yagob0l5g5eauw13tg2udwke"}2024-09-03 13:48:37 All sessions initialized.2024-09-03 13:48:37 Session initialization completed.2024-09-03 14:00:00 Running scheduled session initialization...2024-09-03 14:00:00 Initializing CCTV sessions...2024-09-03 14:00:00 
############### Starting Python Script ###############

2024-09-03 14:00:01 [PY] 2024-09-03 14:00:01,080 INFO: [MAIN] Logging setup completed!
2024-09-03 14:00:01 [PY] 2024-09-03 14:00:01,080 INFO: [INFO] Initializing all session IDs.
2024-09-03 14:00:01,080 INFO: [PREPARE] Preparing session for camera 7
2024-09-03 14:00:01,080 INFO: [PREPARE] Preparing session for camera 11
2024-09-03 14:00:01 [PY] 2024-09-03 14:00:01,081 INFO: [PREPARE] Preparing session for camera 39
2024-09-03 14:00:01 [PY] 2024-09-03 14:00:01,081 INFO: [PREPARE] Preparing session for camera 77
2024-09-03 14:00:01 [PY] 2024-09-03 14:00:01,081 INFO: [PREPARE] Preparing session for camera 83
2024-09-03 14:00:01 [PY] 2024-09-03 14:00:01,082 INFO: [PREPARE] Preparing session for camera 572
2024-09-03 14:00:06 [PY] 2024-09-03 14:00:06,792 INFO: [39] Obtained session ID: n3chmo4xfl0slnyyvaksbqw5
2024-09-03 14:00:06 [PY] 2024-09-03 14:00:06,944 INFO: [39] Playing video for session ID: n3chmo4xfl0slnyyvaksbqw5
2024-09-03 14:00:06 [PY] 2024-09-03 14:00:06,945 INFO: [PREPARE] Session ready for camera 39
2024-09-03 14:00:07 [PY] 2024-09-03 14:00:07,122 INFO: [572] Obtained session ID: jy1sh3mvzps2flb3i24ibqwb
2024-09-03 14:00:07 [PY] 2024-09-03 14:00:07,224 INFO: [11] Obtained session ID: cci11hnsgyhe4nlmd0hfnoac
2024-09-03 14:00:07 [PY] 2024-09-03 14:00:07,254 INFO: [572] Playing video for session ID: jy1sh3mvzps2flb3i24ibqwb
2024-09-03 14:00:07 [PY] 2024-09-03 14:00:07,254 INFO: [PREPARE] Session ready for camera 572
2024-09-03 14:00:07 [PY] 2024-09-03 14:00:07,276 INFO: [7] Obtained session ID: glqnhoyke0fsww30kagxkhc2
2024-09-03 14:00:07 [PY] 2024-09-03 14:00:07,368 INFO: [11] Playing video for session ID: cci11hnsgyhe4nlmd0hfnoac
2024-09-03 14:00:07 [PY] 2024-09-03 14:00:07,368 INFO: [PREPARE] Session ready for camera 11
2024-09-03 14:00:07 [PY] 2024-09-03 14:00:07,407 INFO: [7] Playing video for session ID: glqnhoyke0fsww30kagxkhc2
2024-09-03 14:00:07 [PY] 2024-09-03 14:00:07,407 INFO: [PREPARE] Session ready for camera 7
2024-09-03 14:00:07 [PY] 2024-09-03 14:00:07,913 INFO: [77] Obtained session ID: ncnl0b1txityy0abcaarunxp
2024-09-03 14:00:08 [PY] 2024-09-03 14:00:08,052 INFO: [77] Playing video for session ID: ncnl0b1txityy0abcaarunxp
2024-09-03 14:00:08 [PY] 2024-09-03 14:00:08,053 INFO: [PREPARE] Session ready for camera 77
2024-09-03 14:00:08 [PY] 2024-09-03 14:00:08,461 INFO: [83] Obtained session ID: adrmnrtfqshzhovxlei2ykdi
2024-09-03 14:00:08 [PY] 2024-09-03 14:00:08,609 INFO: [83] Playing video for session ID: adrmnrtfqshzhovxlei2ykdi
2024-09-03 14:00:08 [PY] 2024-09-03 14:00:08,609 INFO: [PREPARE] Session ready for camera 83
2024-09-03 14:00:08,610 INFO: [INFO] Total number of scraped CCTVs: 6
2024-09-03 14:00:08,610 INFO: [INFO] Successfully processed 6 CCTVs out of 6.
2024-09-03 14:00:08 [PY] 2024-09-03 14:00:08,612 INFO: [INFO] JSON data has been written to ./cctvSessionTemp/cctv_sessions_2024-09-03_14-00-08.json
2024-09-03 14:00:08,612 INFO: [INFO] All session IDs have been successfully prepared and saved.


2024-09-03 14:00:08 Python script exited with code 02024-09-03 14:00:08 
############### End of Python Script ###############

2024-09-03 14:00:08 Latest JSON file: cctv_sessions_2024-09-03_14-00-08.json2024-09-03 14:00:08 Loaded CCTV sessions: {"7":"glqnhoyke0fsww30kagxkhc2","11":"cci11hnsgyhe4nlmd0hfnoac","39":"n3chmo4xfl0slnyyvaksbqw5","77":"ncnl0b1txityy0abcaarunxp","83":"adrmnrtfqshzhovxlei2ykdi","572":"jy1sh3mvzps2flb3i24ibqwb"}2024-09-03 14:00:08 All sessions initialized.