2024-09-04 21:53:33 Server running on http://127.0.0.1:8001
2024-09-04 21:53:33 Initializing CCTV sessions...
2024-09-04 21:53:33 
############### Starting Python Script ###############


2024-09-04 21:53:34 [PY] 2024-09-04 21:53:34,642 INFO: [MAIN] Logging setup completed!

2024-09-04 21:53:34 [PY] 2024-09-04 21:53:34,642 INFO: [INFO] Initializing all session IDs.
2024-09-04 21:53:34,642 INFO: [PREPARE] Preparing session for camera 7

2024-09-04 21:53:34 [PY] 2024-09-04 21:53:34,643 INFO: [PREPARE] Preparing session for camera 11

2024-09-04 21:53:34 [PY] 2024-09-04 21:53:34,643 INFO: [PREPARE] Preparing session for camera 39

2024-09-04 21:53:34 [PY] 2024-09-04 21:53:34,644 INFO: [PREPARE] Preparing session for camera 77

2024-09-04 21:53:34 [PY] 2024-09-04 21:53:34,645 INFO: [PREPARE] Preparing session for camera 83

2024-09-04 21:53:34 [PY] 2024-09-04 21:53:34,645 INFO: [PREPARE] Preparing session for camera 572

2024-09-04 21:53:40 [PY] 2024-09-04 21:53:40,066 INFO: [83] Obtained session ID: eoz0xzwms3o2mipuhzjdms1f

2024-09-04 21:53:40 [PY] 2024-09-04 21:53:40,146 INFO: [83] Playing video for session ID: eoz0xzwms3o2mipuhzjdms1f
2024-09-04 21:
2024-09-04 21:53:40 [PY] 53:40,146 INFO: [PREPARE] Session ready for camera 83

2024-09-04 21:53:40 [PY] 2024-09-04 21:53:40,161 INFO: [572] Obtained session ID: lwj3m31imlnka2y1lngssdcl

2024-09-04 21:53:40 [PY] 2024-09-04 21:53:40,231 INFO: [572] Playing video for session ID: lwj3m31imlnka2y1lngssdcl

2024-09-04 21:53:40 [PY] 2024-09-04 21:53:40,231 INFO: [PREPARE] Session ready for camera 572

2024-09-04 21:53:40 [PY] 2024-09-04 21:53:40,442 INFO: [11] Obtained session ID: eozb4da1zekvrs5ekxsa0xe0

2024-09-04 21:53:40 [PY] 2024-09-04 21:53:40,513 INFO: [11] Playing video for session ID: eozb4da1zekvrs5ekxsa0xe0

2024-09-04 21:53:40 [PY] 2024-09-04 21:53:40,513 INFO: [PREPARE] Session ready for camera 11

2024-09-04 21:53:40 [PY] 2024-09-04 21:53:40,540 INFO: [77] Obtained session ID: reewxiucvv4pcxtl3cnii5qm

2024-09-04 21:53:40 [PY] 2024-09-04 21:53:40,542 INFO: [7] Obtained session ID: mrczvketla2yjnotuxdqtbqx

2024-09-04 21:53:40 [PY] 2024-09-04 21:53:40,547 INFO: [39] Obtained session ID: o5p4n2gxbggf2ity20gezfyi

2024-09-04 21:53:40 [PY] 2024-09-04 21:53:40,637 INFO: [77] Playing video for session ID: reewxiucvv4pcxtl3cnii5qm

2024-09-04 21:53:40 [PY] 2024-09-04 21:53:40,638 INFO: [39] Playing video for session ID: o5p4n2gxbggf2ity20gezfyi
2024-09-04 21:53:40,638 INFO: [PREPARE] Session ready for camera 77
2024-09-04 21:53:40,638 INFO: [PREPARE] Session ready for camera 39

2024-09-04 21:53:40 [PY] 2024-09-04 21:53:40,640 INFO: [7] Playing video for session ID: mrczvketla2yjnotuxdqtbqx
2024-09-04 21:53:40,640 INFO: [PREPARE] Session ready for camera 7

2024-09-04 21:53:40 [PY] 2024-09-04 21:53:40,640 INFO: [INFO] Total number of scraped CCTVs: 6
2024-09-04 21:53:40,640 INFO: [INFO] Successfully processed 6 CCTVs out of 6.

2024-09-04 21:53:40 [PY] 2024-09-04 21:53:40,642 INFO: [INFO] JSON data has been written to ./cctvSessionTemp/cctv_sessions_2024-09-04_21-53-40.json
2024-09-04 21:53:40,642 INFO: [INFO] All session IDs have been successfully prepared and saved.



2024-09-04 21:53:40 Python script exited with code 0
2024-09-04 21:53:40 

############### End of Python Script ###############


2024-09-04 21:53:40 Latest JSON file: cctv_sessions_2024-09-04_21-53-40.json
2024-09-04 21:53:40 Loaded CCTV sessions: {"7":"mrczvketla2yjnotuxdqtbqx","11":"eozb4da1zekvrs5ekxsa0xe0","39":"o5p4n2gxbggf2ity20gezfyi","77":"reewxiucvv4pcxtl3cnii5qm","83":"eoz0xzwms3o2mipuhzjdms1f","572":"lwj3m31imlnka2y1lngssdcl"}
2024-09-04 21:53:40 All sessions initialized.
2024-09-04 21:53:40 Session initialization completed.
2024-09-04 21:56:44 User requested CCTV: 7
2024-09-04 21:57:03 User requested CCTV: 77
2024-09-04 21:57:33 User requested CCTV: 7
2024-09-04 22:00:00 Running scheduled session initialization...
2024-09-04 22:00:00 Initializing CCTV sessions...
2024-09-04 22:00:00 
############### Starting Python Script ###############


2024-09-04 22:00:00 [PY] 2024-09-04 22:00:00,864 INFO: [MAIN] Logging setup completed!

2024-09-04 22:00:00 [PY] 2024-09-04 22:00:00,864 INFO: [INFO] Initializing all session IDs.
2024-09-04 22:00:00,865 INFO: [PREPARE] Preparing session for camera 7

2024-09-04 22:00:00 [PY] 2024-09-04 22:00:00,866 INFO: [PREPARE] Preparing session for camera 11

2024-09-04 22:00:00 [PY] 2024-09-04 22:00:00,867 INFO: [PREPARE] Preparing session for camera 39

2024-09-04 22:00:00 [PY] 2024-09-04 22:00:00,868 INFO: [PREPARE] Preparing session for camera 77

2024-09-04 22:00:00 [PY] 2024-09-04 22:00:00,868 INFO: [PREPARE] Preparing session for camera 83

2024-09-04 22:00:00 [PY] 2024-09-04 22:00:00,869 INFO: [PREPARE] Preparing session for camera 572

2024-09-04 22:00:07 [PY] 2024-09-04 22:00:07,541 INFO: [39] Obtained session ID: 2zkmjsg5rsrzmqcuykdm40uc

2024-09-04 22:00:07 [PY] 2024-09-04 22:00:07,559 INFO: [7] Obtained session ID: kz3jabbzbuxhn5hnxljkestw

2024-09-04 22:00:07 [PY] 2024-09-04 22:00:07,629 INFO: [39] Playing video for session ID: 2zkmjsg5rsrzmqcuykdm40uc

2024-09-04 22:00:07 [PY] 2024-09-04 22:00:07,629 INFO: [PREPARE] Session ready for camera 39

2024-09-04 22:00:07 [PY] 2024-09-04 22:00:07,630 INFO: [7] Playing video for session ID: kz3jabbzbuxhn5hnxljkestw
2024-09-04 22:00:07,630 INFO: [PREPARE] Session ready for camera 7

2024-09-04 22:00:07 [PY] 2024-09-04 22:00:07,706 INFO: [572] Obtained session ID: 4hmukkdbtdokm0zatlkl5hbn

2024-09-04 22:00:07 [PY] 2024-09-04 22:00:07,788 INFO: [572] Playing video for session ID: 4hmukkdbtdokm0zatlkl5hbn

2024-09-04 22:00:07 [PY] 2024-09-04 22:00:07,788 INFO: [PREPARE] Session ready for camera 572

2024-09-04 22:00:07 [PY] 2024-09-04 22:00:07,841 INFO: [11] Obtained session ID: muag0hl3dkfd1pvxq3cejkc4

2024-09-04 22:00:07 [PY] 2024-09-04 22:00:07,879 INFO: [77] Obtained session ID: kqik2vkoe4kia3nkhfarywye

2024-09-04 22:00:07 [PY] 2024-09-04 22:00:07,963 INFO: [11] Playing video for session ID: muag0hl3dkfd1pvxq3cejkc4

2024-09-04 22:00:07 [PY] 2024-09-04 22:00:07,963 INFO: [PREPARE] Session ready for camera 11

2024-09-04 22:00:08 [PY] 2024-09-04 22:00:07,999 INFO: [77] Playing video for session ID: kqik2vkoe4kia3nkhfarywye

2024-09-04 22:00:08 [PY] 2024-09-04 22:00:07,999 INFO: [PREPARE] Session ready for camera 77

2024-09-04 22:00:08 [PY] 2024-09-04 22:00:08,500 INFO: [83] Obtained session ID: 0fho1rtdtzvykx0ncaopltkr

2024-09-04 22:00:08 [PY] 2024-09-04 22:00:08,624 INFO: [83] Playing video for session ID: 0fho1rtdtzvykx0ncaopltkr

2024-09-04 22:00:08 [PY] 2024-09-04 22:00:08,624 INFO: [PREPARE] Session ready for camera 83
2024-09-04 22:00:08,624 INFO: [INFO] Total number of scraped CCTVs: 6
2024-09-04 22:00:08,624 INFO: [INFO] Successfully processed 6 CCTVs out of 6.

2024-09-04 22:00:08 [PY] 2024-09-04 22:00:08,626 INFO: [INFO] JSON data has been written to ./cctvSessionTemp/cctv_sessions_2024-09-04_22-00-08.json
2024-09-04 22:00:08,626 INFO: [INFO] All session IDs have been successfully prepared and saved.



2024-09-04 22:00:08 Python script exited with code 0
2024-09-04 22:00:08 

############### End of Python Script ###############


2024-09-04 22:00:08 Latest JSON file: cctv_sessions_2024-09-04_22-00-08.json
2024-09-04 22:00:08 Loaded CCTV sessions: {"7":"kz3jabbzbuxhn5hnxljkestw","11":"muag0hl3dkfd1pvxq3cejkc4","39":"2zkmjsg5rsrzmqcuykdm40uc","77":"kqik2vkoe4kia3nkhfarywye","83":"0fho1rtdtzvykx0ncaopltkr","572":"4hmukkdbtdokm0zatlkl5hbn"}
2024-09-04 22:00:08 All sessions initialized.
2024-09-04 22:02:52 User requested CCTV: 7
2024-09-04 22:03:01 User requested CCTV: 7
2024-09-04 22:03:22 User requested CCTV: 11
2024-09-04 22:05:19 User requested CCTV: 77
2024-09-04 22:09:25 User requested CCTV: 7
2024-09-04 22:09:44 User requested CCTV: 11
2024-09-04 22:09:55 User requested CCTV: 77
2024-09-04 22:15:00 Running scheduled session initialization...
2024-09-04 22:15:00 Initializing CCTV sessions...
2024-09-04 22:15:00 
############### Starting Python Script ###############


2024-09-04 22:15:01 [PY] 2024-09-04 22:15:01,242 INFO: [MAIN] Logging setup completed!

2024-09-04 22:15:01 [PY] 2024-09-04 22:15:01,242 INFO: [INFO] Initializing all session IDs.
2024-09-04 22:15:01,243 INFO: [PREPARE] Preparing session for camera 7

2024-09-04 22:15:01 [PY] 2024-09-04 22:15:01,244 INFO: [PREPARE] Preparing session for camera 11

2024-09-04 22:15:01 [PY] 2024-09-04 22:15:01,246 INFO: [PREPARE] Preparing session for camera 39

2024-09-04 22:15:01 [PY] 2024-09-04 22:15:01,247 INFO: [PREPARE] Preparing session for camera 77

2024-09-04 22:15:01 [PY] 2024-09-04 22:15:01,248 INFO: [PREPARE] Preparing session for camera 83

2024-09-04 22:15:01 [PY] 2024-09-04 22:15:01,249 INFO: [PREPARE] Preparing session for camera 572

2024-09-04 22:15:09 [PY] 2024-09-04 22:15:09,247 INFO: [39] Obtained session ID: oojv0x3l3be5apoda4kreehy

2024-09-04 22:15:09 [PY] 2024-09-04 22:15:09,279 INFO: [7] Obtained session ID: 4xa3f1yv3b3k4saeu223iims

2024-09-04 22:15:09 [PY] 2024-09-04 22:15:09,345 INFO: [77] Obtained session ID: 54qoxmgdmtlabmz5jxw1sbbe

2024-09-04 22:15:09 [PY] 2024-09-04 22:15:09,418 INFO: [7] Playing video for session ID: 4xa3f1yv3b3k4saeu223iims

2024-09-04 22:15:09 [PY] 2024-09-04 22:15:09,418 INFO: [PREPARE] Session ready for camera 7

2024-09-04 22:15:09 [PY] 2024-09-04 22:15:09,420 INFO: [11] Obtained session ID: tap1vdfevgrdrhjgd2swj1mr

2024-09-04 22:15:09 [PY] 2024-09-04 22:15:09,447 INFO: [39] Playing video for session ID: oojv0x3l3be5apoda4kreehy

2024-09-04 22:15:09 [PY] 2024-09-04 22:15:09,447 INFO: [PREPARE] Session ready for camera 39

2024-09-04 22:15:09 [PY] 2024-09-04 22:15:09,450 INFO: [83] Obtained session ID: ou422frnbnwdo3fvhygknfve

2024-09-04 22:15:09 [PY] 2024-09-04 22:15:09,479 INFO: [572] Obtained session ID: a0cbooysr5dwy41vl0w2xscw

2024-09-04 22:15:09 [PY] 2024-09-04 22:15:09,539 INFO: [11] Playing video for session ID: tap1vdfevgrdrhjgd2swj1mr

2024-09-04 22:15:09 [PY] 2024-09-04 22:15:09,539 INFO: [PREPARE] Session ready for camera 11

2024-09-04 22:15:09 [PY] 2024-09-04 22:15:09,540 INFO: [77] Playing video for session ID: 54qoxmgdmtlabmz5jxw1sbbe
2024-09-04 22:15:09,541 INFO: [PREPARE] Session ready for camera 77

2024-09-04 22:15:09 [PY] 2024-09-04 22:15:09,603 INFO: [83] Playing video for session ID: ou422frnbnwdo3fvhygknfve

2024-09-04 22:15:09 [PY] 2024-09-04 22:15:09,603 INFO: [PREPARE] Session ready for camera 83
2024-09-04 22:15:09,603 INFO: [572] Playing video for session ID: a0cbooysr5dwy41vl0w2xscw
2024-09-04 22:15:09,603 INFO: [PREPARE] Session ready for camera 572
2024-09-04 22:15:09,603 INFO: [INFO] Total number of scraped CCTVs: 6
2024-09-04 22:15:09,604 INFO: [INFO] Successfully processed 6 CCTVs out of 6.
2024-09-04 22:15:09,605 INFO: [INFO] JSON data has been written to ./cctvSessionTemp/cctv_sessions_2024-09-04_22-15-09.json
2024-09-04 22:15:09,606 INFO: [INFO] All session IDs have been successfully prepared and saved.



2024-09-04 22:15:09 Python script exited with code 0
2024-09-04 22:15:09 

############### End of Python Script ###############


2024-09-04 22:15:09 Latest JSON file: cctv_sessions_2024-09-04_22-15-09.json
2024-09-04 22:15:09 Loaded CCTV sessions: {"7":"4xa3f1yv3b3k4saeu223iims","11":"tap1vdfevgrdrhjgd2swj1mr","39":"oojv0x3l3be5apoda4kreehy","77":"54qoxmgdmtlabmz5jxw1sbbe","83":"ou422frnbnwdo3fvhygknfve","572":"a0cbooysr5dwy41vl0w2xscw"}
2024-09-04 22:15:09 All sessions initialized.
2024-09-04 22:22:25 User requested CCTV: 7
2024-09-04 22:22:32 User requested CCTV: 77
2024-09-04 22:23:03 User requested CCTV: 7
2024-09-04 22:24:58 User requested CCTV: 7
2024-09-04 22:25:12 User requested CCTV: 7
2024-09-04 22:25:45 User requested CCTV: 77
2024-09-04 22:27:56 User requested CCTV: 77
2024-09-04 22:28:15 User requested CCTV: 7
2024-09-04 22:29:50 User requested CCTV: 7
2024-09-04 22:30:00 Running scheduled session initialization...
2024-09-04 22:30:00 Initializing CCTV sessions...
2024-09-04 22:30:00 
############### Starting Python Script ###############


2024-09-04 22:30:00 [PY] 2024-09-04 22:30:00,931 INFO: [MAIN] Logging setup completed!

2024-09-04 22:30:00 [PY] 2024-09-04 22:30:00,931 INFO: [INFO] Initializing all session IDs.

2024-09-04 22:30:00 [PY] 2024-09-04 22:30:00,932 INFO: [PREPARE] Preparing session for camera 7

2024-09-04 22:30:00 [PY] 2024-09-04 22:30:00,932 INFO: [PREPARE] Preparing session for camera 11

2024-09-04 22:30:00 [PY] 2024-09-04 22:30:00,932 INFO: [PREPARE] Preparing session for camera 39

2024-09-04 22:30:00 [PY] 2024-09-04 22:30:00,933 INFO: [PREPARE] Preparing session for camera 77

2024-09-04 22:30:00 [PY] 2024-09-04 22:30:00,933 INFO: [PREPARE] Preparing session for camera 83

2024-09-04 22:30:00 [PY] 2024-09-04 22:30:00,934 INFO: [PREPARE] Preparing session for camera 572

2024-09-04 22:30:06 [PY] 2024-09-04 22:30:06,708 INFO: [77] Obtained session ID: yh2bp1gt24oajqchar2erw2u

2024-09-04 22:30:06 [PY] 2024-09-04 22:30:06,787 INFO: [77] Playing video for session ID: yh2bp1gt24oajqchar2erw2u

2024-09-04 22:30:06 [PY] 2024-09-04 22:30:06,787 INFO: [PREPARE] Session ready for camera 77

2024-09-04 22:30:06 [PY] 2024-09-04 22:30:06,944 INFO: [11] Obtained session ID: 0jqjru2pipbii4i0b2vhmpsd

2024-09-04 22:30:07 [PY] 2024-09-04 22:30:07,030 INFO: [11] Playing video for session ID: 0jqjru2pipbii4i0b2vhmpsd

2024-09-04 22:30:07 [PY] 2024-09-04 22:30:07,031 INFO: [PREPARE] Session ready for camera 11

2024-09-04 22:30:07 [PY] 2024-09-04 22:30:07,185 INFO: [83] Obtained session ID: sp5zhxtmbee3e2rwseqq45sw

2024-09-04 22:30:07 [PY] 2024-09-04 22:30:07,281 INFO: [83] Playing video for session ID: sp5zhxtmbee3e2rwseqq45sw

2024-09-04 22:30:07 [PY] 2024-09-04 22:30:07,281 INFO: [PREPARE] Session ready for camera 83

2024-09-04 22:30:07 [PY] 2024-09-04 22:30:07,307 INFO: [572] Obtained session ID: hio0ox2lqqywg33m0mv30owi

2024-09-04 22:30:07 [PY] 2024-09-04 22:30:07,405 INFO: [572] Playing video for session ID: hio0ox2lqqywg33m0mv30owi
2024-09-04 22:30:07,405 INFO: [PREPARE] Session ready for camera 572

2024-09-04 22:30:07 [PY] 2024-09-04 22:30:07,505 INFO: [39] Obtained session ID: tedko2px4yixzwqm25o2vzo3

2024-09-04 22:30:07 [PY] 2024-09-04 22:30:07,600 INFO: [39] Playing video for session ID: tedko2px4yixzwqm25o2vzo3
2024-09-04 22:30:07,600 INFO: [PREPARE] Session ready for camera 39

2024-09-04 22:30:07 [PY] 2024-09-04 22:30:07,866 INFO: [7] Obtained session ID: o4np5s33cr0emy3gzspmzw04

2024-09-04 22:30:08 [PY] 2024-09-04 22:30:08,133 INFO: [7] Playing video for session ID: o4np5s33cr0emy3gzspmzw04
2024-09-04 22:30:08,133 INFO: [PREPARE] Session ready for camera 7

2024-09-04 22:30:08 [PY] 2024-09-04 22:30:08,133 INFO: [INFO] Total number of scraped CCTVs: 6
2024-09-04 22:30:08,134 INFO: [INFO] Successfully processed 6 CCTVs out of 6.
2024-09-04 22:30:08,134 INFO: [INFO] JSON data has been written to ./cctvSessionTemp/cctv_sessions_2024-09-04_22-30-08.json
2024-09-04 22:30:08,134 INFO: [INFO] All session IDs have been successfully prepared and saved.



2024-09-04 22:30:08 Python script exited with code 0
2024-09-04 22:30:08 

############### End of Python Script ###############


2024-09-04 22:30:08 Latest JSON file: cctv_sessions_2024-09-04_22-30-08.json
2024-09-04 22:30:08 Loaded CCTV sessions: {"7":"o4np5s33cr0emy3gzspmzw04","11":"0jqjru2pipbii4i0b2vhmpsd","39":"tedko2px4yixzwqm25o2vzo3","77":"yh2bp1gt24oajqchar2erw2u","83":"sp5zhxtmbee3e2rwseqq45sw","572":"hio0ox2lqqywg33m0mv30owi"}
2024-09-04 22:30:08 All sessions initialized.
2024-09-04 22:32:13 User requested CCTV: 11
2024-09-04 22:32:19 User requested CCTV: 7
2024-09-04 22:32:31 User requested CCTV: 7
2024-09-04 22:32:36 User requested CCTV: 77
2024-09-04 22:34:11 User requested CCTV: 7
2024-09-04 22:34:15 User requested CCTV: 77
2024-09-04 22:39:53 User requested CCTV: 11
2024-09-04 22:39:59 User requested CCTV: 7
2024-09-04 22:40:07 User requested CCTV: 7
2024-09-04 22:40:13 User requested CCTV: 77
2024-09-04 22:41:08 User requested CCTV: 77
2024-09-04 22:42:14 User requested CCTV: 7
2024-09-04 22:42:14 User requested CCTV: 7
2024-09-04 22:42:14 User requested CCTV: 7
2024-09-04 22:42:22 User requested CCTV: 77
2024-09-04 22:42:27 User requested CCTV: 7
2024-09-04 22:42:33 User requested CCTV: 77
2024-09-04 22:43:10 User requested CCTV: 7
2024-09-04 22:43:15 User requested CCTV: 77
2024-09-04 22:43:39 User requested CCTV: 11
2024-09-04 22:43:45 User requested CCTV: 7
2024-09-04 22:44:05 User requested CCTV: 39
2024-09-04 22:44:15 User requested CCTV: 83
2024-09-04 22:44:26 User requested CCTV: 11
