2024-09-05 09:04:01 Server running on http://127.0.0.1:8001
2024-09-05 09:04:01 Initializing CCTV sessions...
2024-09-05 09:04:01 
############### Starting Python Script ###############


2024-09-05 09:04:01 [PY] 2024-09-05 09:04:01,932 INFO: [MAIN] Logging setup completed!

2024-09-05 09:04:01 [PY] 2024-09-05 09:04:01,932 INFO: [INFO] Initializing all session IDs.
2024-09-05 09:04:01,932 INFO: [PREPARE] Preparing session for camera 7

2024-09-05 09:04:01 [PY] 2024-09-05 09:04:01,933 INFO: [PREPARE] Preparing session for camera 11

2024-09-05 09:04:01 [PY] 2024-09-05 09:04:01,933 INFO: [PREPARE] Preparing session for camera 39

2024-09-05 09:04:01 [PY] 2024-09-05 09:04:01,934 INFO: [PREPARE] Preparing session for camera 77

2024-09-05 09:04:01 [PY] 2024-09-05 09:04:01,934 INFO: [PREPARE] Preparing session for camera 83

2024-09-05 09:04:01 [PY] 2024-09-05 09:04:01,936 INFO: [PREPARE] Preparing session for camera 572

2024-09-05 09:04:07 [PY] 2024-09-05 09:04:07,257 INFO: [77] Obtained session ID: fqahnc3rqnp3ivky0zeijjhi

2024-09-05 09:04:07 [PY] 2024-09-05 09:04:07,310 INFO: [77] Playing video for session ID: fqahnc3rqnp3ivky0zeijjhi

2024-09-05 09:04:07 [PY] 2024-09-05 09:04:07,310 INFO: [PREPARE] Session ready for camera 77

2024-09-05 09:04:08 [PY] 2024-09-05 09:04:08,540 INFO: [7] Obtained session ID: mvnxda1ipmqqd4dxdulngp11

2024-09-05 09:04:08 [PY] 2024-09-05 09:04:08,567 INFO: [7] Playing video for session ID: mvnxda1ipmqqd4dxdulngp11

2024-09-05 09:04:08 [PY] 2024-09-05 09:04:08,567 INFO: [PREPARE] Session ready for camera 7

2024-09-05 09:04:08 [PY] 2024-09-05 09:04:08,969 INFO: [11] Obtained session ID: dv3fnzjs1fsgslpk0izcprf4

2024-09-05 09:04:08 [PY] 2024-09-05 09:04:08,991 INFO: [11] Playing video for session ID: dv3fnzjs1fsgslpk0izcprf4

2024-09-05 09:04:08 [PY] 2024-09-05 09:04:08,991 INFO: [PREPARE] Session ready for camera 11

2024-09-05 09:04:09 [PY] 2024-09-05 09:04:09,117 INFO: [83] Obtained session ID: bly3tgtw1pdihykh5trnziog

2024-09-05 09:04:09 [PY] 2024-09-05 09:04:09,166 INFO: [83] Playing video for session ID: bly3tgtw1pdihykh5trnziog

2024-09-05 09:04:09 [PY] 2024-09-05 09:04:09,166 INFO: [PREPARE] Session ready for camera 83

2024-09-05 09:04:09 [PY] 2024-09-05 09:04:09,233 INFO: [572] Obtained session ID: 2inoaaqh3guo0rtp5glqxy0s

2024-09-05 09:04:09 [PY] 2024-09-05 09:04:09,275 INFO: [572] Playing video for session ID: 2inoaaqh3guo0rtp5glqxy0s

2024-09-05 09:04:09 [PY] 2024-09-05 09:04:09,275 INFO: [PREPARE] Session ready for camera 572

2024-09-05 09:04:09 [PY] 2024-09-05 09:04:09,524 INFO: [39] Obtained session ID: t0ym0zwi2vqg5sgywdskptls

2024-09-05 09:04:09 [PY] 2024-09-05 09:04:09,564 INFO: [39] Playing video for session ID: t0ym0zwi2vqg5sgywdskptls

2024-09-05 09:04:09 [PY] 2024-09-05 09:04:09,565 INFO: [PREPARE] Session ready for camera 39

2024-09-05 09:04:09 [PY] 2024-09-05 09:04:09,565 INFO: [INFO] Total number of scraped CCTVs: 6

2024-09-05 09:04:09 [PY] 2024-09-05 09:04:09,565 INFO: [INFO] Successfully processed 6 CCTVs out of 6.

2024-09-05 09:04:09 [PY] 2024-09-05 09:04:09,565 INFO: [INFO] JSON data has been written to ./cctvSessionTemp/cctv_sessions_2024-09-05_09-04-09.json
2024-09-05 09:04:09,565 INFO: [INFO] All
2024-09-05 09:04:09 [PY]  session IDs have been successfully prepared and saved.



2024-09-05 09:04:09 Python script exited with code 0
2024-09-05 09:04:09 

############### End of Python Script ###############


2024-09-05 09:04:09 Latest JSON file: cctv_sessions_2024-09-05_09-04-09.json
2024-09-05 09:04:09 Loaded CCTV sessions: {"7":"mvnxda1ipmqqd4dxdulngp11","11":"dv3fnzjs1fsgslpk0izcprf4","39":"t0ym0zwi2vqg5sgywdskptls","77":"fqahnc3rqnp3ivky0zeijjhi","83":"bly3tgtw1pdihykh5trnziog","572":"2inoaaqh3guo0rtp5glqxy0s"}
2024-09-05 09:04:09 All sessions initialized.
2024-09-05 09:04:09 Session initialization completed.
2024-09-05 09:04:15 User requested CCTV: 77
