2024-09-03 13:44:19,519 INFO: [MAIN] Logging setup completed!
2024-09-03 13:44:19,521 INFO: [INFO] Initializing all session IDs.
2024-09-03 13:44:19,521 INFO: [PREPARE] Preparing session for camera 7
2024-09-03 13:44:19,521 INFO: [PREPARE] Preparing session for camera 11
2024-09-03 13:44:19,522 INFO: [PREPARE] Preparing session for camera 39
2024-09-03 13:44:19,523 INFO: [PREPARE] Preparing session for camera 77
2024-09-03 13:44:19,525 INFO: [PREPARE] Preparing session for camera 83
2024-09-03 13:44:19,525 INFO: [PREPARE] Preparing session for camera 572
2024-09-03 13:44:24,577 INFO: [572] Obtained session ID: os2r1mltvjibrc2qfu01d1yx
2024-09-03 13:44:24,630 INFO: [11] Obtained session ID: mybzlqivg2f0fknfh42fuw3k
2024-09-03 13:44:24,632 INFO: [83] Obtained session ID: ew2ulcjrlb50kmh4y4eya5fl
2024-09-03 13:44:24,765 INFO: [83] Playing video for session ID: ew2ulcjrlb50kmh4y4eya5fl
2024-09-03 13:44:24,766 INFO: [11] Playing video for session ID: mybzlqivg2f0fknfh42fuw3k
2024-09-03 13:44:24,766 INFO: [PREPARE] Session ready for camera 83
2024-09-03 13:44:24,766 INFO: [PREPARE] Session ready for camera 11
2024-09-03 13:44:24,770 INFO: [7] Obtained session ID: dexlw05ukbdjdhps3ifiexdj
2024-09-03 13:44:24,802 INFO: [39] Obtained session ID: jixm2n1qwfr5e5zgdcjt3fqs
2024-09-03 13:44:24,895 INFO: [7] Playing video for session ID: dexlw05ukbdjdhps3ifiexdj
2024-09-03 13:44:24,895 INFO: [PREPARE] Session ready for camera 7
2024-09-03 13:44:24,949 INFO: [39] Playing video for session ID: jixm2n1qwfr5e5zgdcjt3fqs
2024-09-03 13:44:24,950 INFO: [PREPARE] Session ready for camera 39
2024-09-03 13:44:25,098 INFO: [77] Obtained session ID: 3ynozbv4lyw1bofjf0gemkfr
2024-09-03 13:44:25,211 INFO: [572] Playing video for session ID: os2r1mltvjibrc2qfu01d1yx
2024-09-03 13:44:25,212 INFO: [PREPARE] Session ready for camera 572
2024-09-03 13:44:25,233 INFO: [77] Playing video for session ID: 3ynozbv4lyw1bofjf0gemkfr
2024-09-03 13:44:25,233 INFO: [PREPARE] Session ready for camera 77
2024-09-03 13:44:25,233 INFO: [INFO] Total number of scraped CCTVs: 6
2024-09-03 13:44:25,233 INFO: [INFO] Successfully processed 6 CCTVs out of 6.
2024-09-03 13:44:25,234 INFO: [INFO] JSON data has been written to ./cctvSessionTemp/cctv_sessions_2024-09-03_13-44-25.json
2024-09-03 13:44:25,234 INFO: [INFO] All session IDs have been successfully prepared and saved.


