2024-09-03 14:15:01,547 INFO: [MAIN] Logging setup completed!
2024-09-03 14:15:01,547 INFO: [INFO] Initializing all session IDs.
2024-09-03 14:15:01,548 INFO: [PREPARE] Preparing session for camera 7
2024-09-03 14:15:01,548 INFO: [PREPARE] Preparing session for camera 11
2024-09-03 14:15:01,549 INFO: [PREPARE] Preparing session for camera 39
2024-09-03 14:15:01,550 INFO: [PREPARE] Preparing session for camera 77
2024-09-03 14:15:01,550 INFO: [PREPARE] Preparing session for camera 83
2024-09-03 14:15:01,551 INFO: [PREPARE] Preparing session for camera 572
2024-09-03 14:15:07,487 INFO: [77] Obtained session ID: czelvzm4capq0fmqkev5syu5
2024-09-03 14:15:07,531 INFO: [77] Playing video for session ID: czelvzm4capq0fmqkev5syu5
2024-09-03 14:15:07,531 INFO: [PREPARE] Session ready for camera 77
2024-09-03 14:15:08,155 INFO: [572] Obtained session ID: wfjhwyxzo1dhzwprxxyo1oya
2024-09-03 14:15:08,191 INFO: [572] Playing video for session ID: wfjhwyxzo1dhzwprxxyo1oya
2024-09-03 14:15:08,192 INFO: [7] Obtained session ID: 4hqui1wmb5rpaen4fi5dazrk
2024-09-03 14:15:08,193 INFO: [PREPARE] Session ready for camera 572
2024-09-03 14:15:08,284 INFO: [7] Playing video for session ID: 4hqui1wmb5rpaen4fi5dazrk
2024-09-03 14:15:08,285 INFO: [PREPARE] Session ready for camera 7
2024-09-03 14:15:08,903 INFO: [39] Obtained session ID: t3jc0r1yqqtzdburpbis2tos
2024-09-03 14:15:08,937 INFO: [39] Playing video for session ID: t3jc0r1yqqtzdburpbis2tos
2024-09-03 14:15:08,937 INFO: [PREPARE] Session ready for camera 39
2024-09-03 14:15:09,258 INFO: [11] Obtained session ID: wpzgedwldirzn3ucj4rpxfwt
2024-09-03 14:15:09,316 INFO: [11] Playing video for session ID: wpzgedwldirzn3ucj4rpxfwt
2024-09-03 14:15:09,316 INFO: [PREPARE] Session ready for camera 11
2024-09-03 14:15:09,809 INFO: [83] Obtained session ID: dy0z32pyus0ctit3nyqeucmy
2024-09-03 14:15:09,850 INFO: [83] Playing video for session ID: dy0z32pyus0ctit3nyqeucmy
2024-09-03 14:15:09,851 INFO: [PREPARE] Session ready for camera 83
2024-09-03 14:15:09,851 INFO: [INFO] Total number of scraped CCTVs: 6
2024-09-03 14:15:09,851 INFO: [INFO] Successfully processed 6 CCTVs out of 6.
2024-09-03 14:15:09,852 INFO: [INFO] JSON data has been written to ./cctvSessionTemp/cctv_sessions_2024-09-03_14-15-09.json
2024-09-03 14:15:09,853 INFO: [INFO] All session IDs have been successfully prepared and saved.


