2024-09-04 20:00:01,349 INFO: [MAIN] Logging setup completed!
2024-09-04 20:00:01,349 INFO: [INFO] Initializing all session IDs.
2024-09-04 20:00:01,350 INFO: [PREPARE] Preparing session for camera 7
2024-09-04 20:00:01,352 INFO: [PREPARE] Preparing session for camera 11
2024-09-04 20:00:01,353 INFO: [PREPARE] Preparing session for camera 39
2024-09-04 20:00:01,354 INFO: [PREPARE] Preparing session for camera 77
2024-09-04 20:00:01,355 INFO: [PREPARE] Preparing session for camera 83
2024-09-04 20:00:01,356 INFO: [PREPARE] Preparing session for camera 572
2024-09-04 20:00:08,235 INFO: [11] Obtained session ID: qidagfncnaihrgueiupzekpy
2024-09-04 20:00:08,344 INFO: [11] Playing video for session ID: qidagfncnaihrgueiupzekpy
2024-09-04 20:00:08,345 INFO: [PREPARE] Session ready for camera 11
2024-09-04 20:00:08,711 INFO: [83] Obtained session ID: ea2z1klexbndckfzvehpsd41
2024-09-04 20:00:08,905 INFO: [83] Playing video for session ID: ea2z1klexbndckfzvehpsd41
2024-09-04 20:00:08,906 INFO: [PREPARE] Session ready for camera 83
2024-09-04 20:00:09,052 INFO: [7] Obtained session ID: tk2ncv14yovlw2gk4rrseper
2024-09-04 20:00:09,052 INFO: [77] Obtained session ID: rnq3vd0ez3fpgjy43nvlsem4
2024-09-04 20:00:09,204 INFO: [77] Playing video for session ID: rnq3vd0ez3fpgjy43nvlsem4
2024-09-04 20:00:09,205 INFO: [PREPARE] Session ready for camera 77
2024-09-04 20:00:09,206 INFO: [7] Playing video for session ID: tk2ncv14yovlw2gk4rrseper
2024-09-04 20:00:09,206 INFO: [PREPARE] Session ready for camera 7
2024-09-04 20:00:09,574 INFO: [39] Obtained session ID: jfl2nucrkw3hgnk0iwto5zny
2024-09-04 20:00:09,593 INFO: [572] Obtained session ID: 42qqb1dpi5ll2dew43dv4hez
2024-09-04 20:00:09,716 INFO: [39] Playing video for session ID: jfl2nucrkw3hgnk0iwto5zny
2024-09-04 20:00:09,717 INFO: [PREPARE] Session ready for camera 39
2024-09-04 20:00:09,754 INFO: [572] Playing video for session ID: 42qqb1dpi5ll2dew43dv4hez
2024-09-04 20:00:09,755 INFO: [PREPARE] Session ready for camera 572
2024-09-04 20:00:09,755 INFO: [INFO] Total number of scraped CCTVs: 6
2024-09-04 20:00:09,755 INFO: [INFO] Successfully processed 6 CCTVs out of 6.
2024-09-04 20:00:09,756 INFO: [INFO] JSON data has been written to ./cctvSessionTemp/cctv_sessions_2024-09-04_20-00-09.json
2024-09-04 20:00:09,756 INFO: [INFO] All session IDs have been successfully prepared and saved.


