2024-09-02 16:15:01,432 INFO: [MAIN] Logging setup completed!
2024-09-02 16:15:01,432 INFO: [INFO] Initializing all session IDs.
2024-09-02 16:15:01,432 INFO: [PREPARE] Preparing session for camera 7
2024-09-02 16:15:01,433 INFO: [PREPARE] Preparing session for camera 11
2024-09-02 16:15:01,433 INFO: [PREPARE] Preparing session for camera 39
2024-09-02 16:15:01,433 INFO: [PREPARE] Preparing session for camera 77
2024-09-02 16:15:01,434 INFO: [PREPARE] Preparing session for camera 83
2024-09-02 16:15:01,437 INFO: [PREPARE] Preparing session for camera 572
2024-09-02 16:15:06,448 INFO: [39] Obtained session ID: ouvmwirw4s0qad1cv1ketc4r
2024-09-02 16:15:06,607 INFO: [39] Playing video for session ID: ouvmwirw4s0qad1cv1ketc4r
2024-09-02 16:15:06,608 INFO: [PREPARE] Session ready for camera 39
2024-09-02 16:15:06,932 INFO: [11] Obtained session ID: ltgz5q5ujfcgw304qoppdr14
2024-09-02 16:15:07,066 INFO: [11] Playing video for session ID: ltgz5q5ujfcgw304qoppdr14
2024-09-02 16:15:07,068 INFO: [PREPARE] Session ready for camera 11
2024-09-02 16:15:07,986 INFO: [572] Obtained session ID: 0r1izwg1uua0iepc03jmdh4w
2024-09-02 16:15:08,111 INFO: [572] Playing video for session ID: 0r1izwg1uua0iepc03jmdh4w
2024-09-02 16:15:08,111 INFO: [PREPARE] Session ready for camera 572
2024-09-02 16:15:08,284 INFO: [77] Obtained session ID: 4x0k3yhbhzb3jvfyloetuhln
2024-09-02 16:15:08,420 INFO: [77] Playing video for session ID: 4x0k3yhbhzb3jvfyloetuhln
2024-09-02 16:15:08,420 INFO: [PREPARE] Session ready for camera 77
2024-09-02 16:15:08,494 INFO: [7] Obtained session ID: iijqww3nsk4sgtvxwjel5aub
2024-09-02 16:15:08,642 INFO: [7] Playing video for session ID: iijqww3nsk4sgtvxwjel5aub
2024-09-02 16:15:08,642 INFO: [PREPARE] Session ready for camera 7
2024-09-02 16:15:09,547 INFO: [83] Obtained session ID: ru45x2ebytbllbynt0qfhrdo
2024-09-02 16:15:09,688 INFO: [83] Playing video for session ID: ru45x2ebytbllbynt0qfhrdo
2024-09-02 16:15:09,688 INFO: [PREPARE] Session ready for camera 83
2024-09-02 16:15:09,689 INFO: [INFO] Total number of scraped CCTVs: 6
2024-09-02 16:15:09,689 INFO: [INFO] Successfully processed 6 CCTVs out of 6.
2024-09-02 16:15:09,690 INFO: [INFO] JSON data has been written to ./cctvSessionTemp/cctv_sessions_2024-09-02_16-15-09.json
2024-09-02 16:15:09,690 INFO: [INFO] All session IDs have been successfully prepared and saved.


