2024-09-02 15:15:01,662 INFO: [MAIN] Logging setup completed!
2024-09-02 15:15:01,662 INFO: [INFO] Initializing all session IDs.
2024-09-02 15:15:01,662 INFO: [PREPARE] Preparing session for camera 7
2024-09-02 15:15:01,663 INFO: [PREPARE] Preparing session for camera 11
2024-09-02 15:15:01,663 INFO: [PREPARE] Preparing session for camera 39
2024-09-02 15:15:01,664 INFO: [PREPARE] Preparing session for camera 77
2024-09-02 15:15:01,664 INFO: [PREPARE] Preparing session for camera 83
2024-09-02 15:15:01,665 INFO: [PREPARE] Preparing session for camera 572
2024-09-02 15:15:06,451 INFO: [11] Obtained session ID: 4idyykvbehsvfmb40g0wznv3
2024-09-02 15:15:06,569 INFO: [11] Playing video for session ID: 4idyykvbehsvfmb40g0wznv3
2024-09-02 15:15:06,569 INFO: [PREPARE] Session ready for camera 11
2024-09-02 15:15:07,127 INFO: [83] Obtained session ID: wensvl3rx4w0cs1ldovr34rr
2024-09-02 15:15:07,267 INFO: [83] Playing video for session ID: wensvl3rx4w0cs1ldovr34rr
2024-09-02 15:15:07,268 INFO: [PREPARE] Session ready for camera 83
2024-09-02 15:15:07,902 INFO: [572] Obtained session ID: ctn3yljbcqdme2s53qtmovk1
2024-09-02 15:15:08,024 INFO: [572] Playing video for session ID: ctn3yljbcqdme2s53qtmovk1
2024-09-02 15:15:08,024 INFO: [PREPARE] Session ready for camera 572
2024-09-02 15:15:08,687 INFO: [77] Obtained session ID: yyyedgkkcgoa3vzmey0dcbkf
2024-09-02 15:15:08,824 INFO: [77] Playing video for session ID: yyyedgkkcgoa3vzmey0dcbkf
2024-09-02 15:15:08,824 INFO: [PREPARE] Session ready for camera 77
2024-09-02 15:15:09,142 INFO: [39] Obtained session ID: twbo50qspbewi2xmqddvwvso
2024-09-02 15:15:09,263 INFO: [39] Playing video for session ID: twbo50qspbewi2xmqddvwvso
2024-09-02 15:15:09,264 INFO: [PREPARE] Session ready for camera 39
2024-09-02 15:15:09,302 INFO: [7] Obtained session ID: 0otnusbqvqehx3i5135rsmlx
2024-09-02 15:15:09,428 INFO: [7] Playing video for session ID: 0otnusbqvqehx3i5135rsmlx
2024-09-02 15:15:09,428 INFO: [PREPARE] Session ready for camera 7
2024-09-02 15:15:09,428 INFO: [INFO] Total number of scraped CCTVs: 6
2024-09-02 15:15:09,428 INFO: [INFO] Successfully processed 6 CCTVs out of 6.
2024-09-02 15:15:09,429 INFO: [INFO] JSON data has been written to ./cctvSessionTemp/cctv_sessions_2024-09-02_15-15-09.json
2024-09-02 15:15:09,429 INFO: [INFO] All session IDs have been successfully prepared and saved.


