2024-09-04 15:09:55,772 INFO: [MAIN] Logging setup completed!
2024-09-04 15:09:55,772 INFO: [INFO] Initializing all session IDs.
2024-09-04 15:09:55,772 INFO: [PREPARE] Preparing session for camera 7
2024-09-04 15:09:55,773 INFO: [PREPARE] Preparing session for camera 11
2024-09-04 15:09:55,773 INFO: [PREPARE] Preparing session for camera 39
2024-09-04 15:09:55,774 INFO: [PREPARE] Preparing session for camera 77
2024-09-04 15:09:55,775 INFO: [PREPARE] Preparing session for camera 83
2024-09-04 15:09:55,776 INFO: [PREPARE] Preparing session for camera 572
2024-09-04 15:10:02,427 INFO: [77] Obtained session ID: xlezr4utrqbuo32rm41vkvjp
2024-09-04 15:10:03,425 INFO: [77] Playing video for session ID: xlezr4utrqbuo32rm41vkvjp
2024-09-04 15:10:03,426 INFO: [PREPARE] Session ready for camera 77
2024-09-04 15:10:03,904 INFO: [7] Obtained session ID: y41mib1ynj52wvqpdu3xf4d1
2024-09-04 15:10:04,150 INFO: [572] Obtained session ID: c34csf1don4kik3crtsjg52a
2024-09-04 15:10:04,286 INFO: [7] Playing video for session ID: y41mib1ynj52wvqpdu3xf4d1
2024-09-04 15:10:04,287 INFO: [PREPARE] Session ready for camera 7
2024-09-04 15:10:04,339 INFO: [572] Playing video for session ID: c34csf1don4kik3crtsjg52a
2024-09-04 15:10:04,339 INFO: [PREPARE] Session ready for camera 572
2024-09-04 15:10:04,656 INFO: [11] Obtained session ID: prwpzjtorurxgqk3oo5y0l4t
2024-09-04 15:10:04,713 INFO: [11] Playing video for session ID: prwpzjtorurxgqk3oo5y0l4t
2024-09-04 15:10:04,714 INFO: [PREPARE] Session ready for camera 11
2024-09-04 15:10:04,782 INFO: [39] Obtained session ID: 3hav5sptazajdtw0wgyk5ypc
2024-09-04 15:10:04,872 INFO: [39] Playing video for session ID: 3hav5sptazajdtw0wgyk5ypc
2024-09-04 15:10:04,872 INFO: [PREPARE] Session ready for camera 39
2024-09-04 15:10:05,324 INFO: [83] Obtained session ID: 1dx33sjcmx0nye1jz3jtghhw
2024-09-04 15:10:05,376 INFO: [83] Playing video for session ID: 1dx33sjcmx0nye1jz3jtghhw
2024-09-04 15:10:05,376 INFO: [PREPARE] Session ready for camera 83
2024-09-04 15:10:05,377 INFO: [INFO] Total number of scraped CCTVs: 6
2024-09-04 15:10:05,377 INFO: [INFO] Successfully processed 6 CCTVs out of 6.
2024-09-04 15:10:05,378 INFO: [INFO] JSON data has been written to ./cctvSessionTemp/cctv_sessions_2024-09-04_15-10-05.json
2024-09-04 15:10:05,378 INFO: [INFO] All session IDs have been successfully prepared and saved.


