2024-09-03 14:00:01,080 INFO: [MAIN] Logging setup completed!
2024-09-03 14:00:01,080 INFO: [INFO] Initializing all session IDs.
2024-09-03 14:00:01,080 INFO: [PREPARE] Preparing session for camera 7
2024-09-03 14:00:01,080 INFO: [PREPARE] Preparing session for camera 11
2024-09-03 14:00:01,081 INFO: [PREPARE] Preparing session for camera 39
2024-09-03 14:00:01,081 INFO: [PREPARE] Preparing session for camera 77
2024-09-03 14:00:01,081 INFO: [PREPARE] Preparing session for camera 83
2024-09-03 14:00:01,082 INFO: [PREPARE] Preparing session for camera 572
2024-09-03 14:00:06,792 INFO: [39] Obtained session ID: n3chmo4xfl0slnyyvaksbqw5
2024-09-03 14:00:06,944 INFO: [39] Playing video for session ID: n3chmo4xfl0slnyyvaksbqw5
2024-09-03 14:00:06,945 INFO: [PREPARE] Session ready for camera 39
2024-09-03 14:00:07,122 INFO: [572] Obtained session ID: jy1sh3mvzps2flb3i24ibqwb
2024-09-03 14:00:07,224 INFO: [11] Obtained session ID: cci11hnsgyhe4nlmd0hfnoac
2024-09-03 14:00:07,254 INFO: [572] Playing video for session ID: jy1sh3mvzps2flb3i24ibqwb
2024-09-03 14:00:07,254 INFO: [PREPARE] Session ready for camera 572
2024-09-03 14:00:07,276 INFO: [7] Obtained session ID: glqnhoyke0fsww30kagxkhc2
2024-09-03 14:00:07,368 INFO: [11] Playing video for session ID: cci11hnsgyhe4nlmd0hfnoac
2024-09-03 14:00:07,368 INFO: [PREPARE] Session ready for camera 11
2024-09-03 14:00:07,407 INFO: [7] Playing video for session ID: glqnhoyke0fsww30kagxkhc2
2024-09-03 14:00:07,407 INFO: [PREPARE] Session ready for camera 7
2024-09-03 14:00:07,913 INFO: [77] Obtained session ID: ncnl0b1txityy0abcaarunxp
2024-09-03 14:00:08,052 INFO: [77] Playing video for session ID: ncnl0b1txityy0abcaarunxp
2024-09-03 14:00:08,053 INFO: [PREPARE] Session ready for camera 77
2024-09-03 14:00:08,461 INFO: [83] Obtained session ID: adrmnrtfqshzhovxlei2ykdi
2024-09-03 14:00:08,609 INFO: [83] Playing video for session ID: adrmnrtfqshzhovxlei2ykdi
2024-09-03 14:00:08,609 INFO: [PREPARE] Session ready for camera 83
2024-09-03 14:00:08,610 INFO: [INFO] Total number of scraped CCTVs: 6
2024-09-03 14:00:08,610 INFO: [INFO] Successfully processed 6 CCTVs out of 6.
2024-09-03 14:00:08,612 INFO: [INFO] JSON data has been written to ./cctvSessionTemp/cctv_sessions_2024-09-03_14-00-08.json
2024-09-03 14:00:08,612 INFO: [INFO] All session IDs have been successfully prepared and saved.


