2024-09-03 13:47:23,909 INFO: [MAIN] Logging setup completed!
2024-09-03 13:47:23,909 INFO: [INFO] Initializing all session IDs.
2024-09-03 13:47:23,910 INFO: [PREPARE] Preparing session for camera 7
2024-09-03 13:47:23,910 INFO: [PREPARE] Preparing session for camera 11
2024-09-03 13:47:23,911 INFO: [PREPARE] Preparing session for camera 39
2024-09-03 13:47:23,911 INFO: [PREPARE] Preparing session for camera 77
2024-09-03 13:47:23,912 INFO: [PREPARE] Preparing session for camera 83
2024-09-03 13:47:23,912 INFO: [PREPARE] Preparing session for camera 572
2024-09-03 13:47:29,268 INFO: [572] Obtained session ID: tormuplmowjko4e02syjrmxq
2024-09-03 13:47:29,296 INFO: [572] Playing video for session ID: tormuplmowjko4e02syjrmxq
2024-09-03 13:47:29,296 INFO: [PREPARE] Session ready for camera 572
2024-09-03 13:47:29,388 INFO: [77] Obtained session ID: hvbpfn0xcs3docmo3mlmfnn4
2024-09-03 13:47:29,411 INFO: [39] Obtained session ID: mghc2alsy3svmu0t3fvhsfeh
2024-09-03 13:47:29,482 INFO: [39] Playing video for session ID: mghc2alsy3svmu0t3fvhsfeh
2024-09-03 13:47:29,482 INFO: [77] Playing video for session ID: hvbpfn0xcs3docmo3mlmfnn4
2024-09-03 13:47:29,483 INFO: [PREPARE] Session ready for camera 39
2024-09-03 13:47:29,483 INFO: [PREPARE] Session ready for camera 77
2024-09-03 13:47:29,607 INFO: [11] Obtained session ID: dezjocxgkvwm253zbdapdhqo
2024-09-03 13:47:29,627 INFO: [83] Obtained session ID: igacqjghx12tkzjj44endfbo
2024-09-03 13:47:29,643 INFO: [11] Playing video for session ID: dezjocxgkvwm253zbdapdhqo
2024-09-03 13:47:29,644 INFO: [PREPARE] Session ready for camera 11
2024-09-03 13:47:29,657 INFO: [83] Playing video for session ID: igacqjghx12tkzjj44endfbo
2024-09-03 13:47:29,658 INFO: [PREPARE] Session ready for camera 83
2024-09-03 13:47:29,852 INFO: [7] Obtained session ID: yzmlabxhytbupq1ajjco2hmt
2024-09-03 13:47:29,893 INFO: [7] Playing video for session ID: yzmlabxhytbupq1ajjco2hmt
2024-09-03 13:47:29,893 INFO: [PREPARE] Session ready for camera 7
2024-09-03 13:47:29,894 INFO: [INFO] Total number of scraped CCTVs: 6
2024-09-03 13:47:29,894 INFO: [INFO] Successfully processed 6 CCTVs out of 6.
2024-09-03 13:47:29,894 INFO: [INFO] JSON data has been written to ./cctvSessionTemp/cctv_sessions_2024-09-03_13-47-29.json
2024-09-03 13:47:29,894 INFO: [INFO] All session IDs have been successfully prepared and saved.


