2024-09-04 20:45:01,781 INFO: [MAIN] Logging setup completed!
2024-09-04 20:45:01,781 INFO: [INFO] Initializing all session IDs.
2024-09-04 20:45:01,782 INFO: [PREPARE] Preparing session for camera 7
2024-09-04 20:45:01,783 INFO: [PREPARE] Preparing session for camera 11
2024-09-04 20:45:01,783 INFO: [PREPARE] Preparing session for camera 39
2024-09-04 20:45:01,784 INFO: [PREPARE] Preparing session for camera 77
2024-09-04 20:45:01,784 INFO: [PREPARE] Preparing session for camera 83
2024-09-04 20:45:01,785 INFO: [PREPARE] Preparing session for camera 572
2024-09-04 20:45:07,655 INFO: [7] Obtained session ID: 42klokky0pf53pd42hzwargo
2024-09-04 20:45:07,737 INFO: [7] Playing video for session ID: 42klokky0pf53pd42hzwargo
2024-09-04 20:45:07,738 INFO: [PREPARE] Session ready for camera 7
2024-09-04 20:45:07,886 INFO: [83] Obtained session ID: mprgctsjekls12o1mtndltxj
2024-09-04 20:45:08,046 INFO: [83] Playing video for session ID: mprgctsjekls12o1mtndltxj
2024-09-04 20:45:08,047 INFO: [PREPARE] Session ready for camera 83
2024-09-04 20:45:08,392 INFO: [11] Obtained session ID: 1p3zezp10dyfsgumfasqqvdb
2024-09-04 20:45:08,468 INFO: [39] Obtained session ID: akfueqslmpu1xbygjjrjc1br
2024-09-04 20:45:08,505 INFO: [11] Playing video for session ID: 1p3zezp10dyfsgumfasqqvdb
2024-09-04 20:45:08,505 INFO: [PREPARE] Session ready for camera 11
2024-09-04 20:45:08,506 INFO: [572] Obtained session ID: 04e1m35e30hfbnohz5smajpg
2024-09-04 20:45:08,557 INFO: [39] Playing video for session ID: akfueqslmpu1xbygjjrjc1br
2024-09-04 20:45:08,557 INFO: [PREPARE] Session ready for camera 39
2024-09-04 20:45:08,557 INFO: [77] Obtained session ID: fgt3oiewtcqgvtumpf3onrnf
2024-09-04 20:45:08,605 INFO: [572] Playing video for session ID: 04e1m35e30hfbnohz5smajpg
2024-09-04 20:45:08,606 INFO: [PREPARE] Session ready for camera 572
2024-09-04 20:45:08,631 INFO: [77] Playing video for session ID: fgt3oiewtcqgvtumpf3onrnf
2024-09-04 20:45:08,631 INFO: [PREPARE] Session ready for camera 77
2024-09-04 20:45:08,631 INFO: [INFO] Total number of scraped CCTVs: 6
2024-09-04 20:45:08,631 INFO: [INFO] Successfully processed 6 CCTVs out of 6.
2024-09-04 20:45:08,633 INFO: [INFO] JSON data has been written to ./cctvSessionTemp/cctv_sessions_2024-09-04_20-45-08.json
2024-09-04 20:45:08,633 INFO: [INFO] All session IDs have been successfully prepared and saved.


