2024-09-03 14:10:46,415 INFO: [MAIN] Logging setup completed!
2024-09-03 14:10:46,415 INFO: [INFO] Initializing all session IDs.
2024-09-03 14:10:46,415 INFO: [PREPARE] Preparing session for camera 7
2024-09-03 14:10:46,415 INFO: [PREPARE] Preparing session for camera 11
2024-09-03 14:10:46,416 INFO: [PREPARE] Preparing session for camera 39
2024-09-03 14:10:46,416 INFO: [PREPARE] Preparing session for camera 77
2024-09-03 14:10:46,417 INFO: [PREPARE] Preparing session for camera 83
2024-09-03 14:10:46,417 INFO: [PREPARE] Preparing session for camera 572
2024-09-03 14:10:51,098 INFO: [11] Obtained session ID: rqpd00d5yr3krx2as1hs1i2a
2024-09-03 14:10:51,203 INFO: [7] Obtained session ID: qsahp4zbxjz4fd2bpxfmcrac
2024-09-03 14:10:51,241 INFO: [11] Playing video for session ID: rqpd00d5yr3krx2as1hs1i2a
2024-09-03 14:10:51,241 INFO: [PREPARE] Session ready for camera 11
2024-09-03 14:10:51,334 INFO: [7] Playing video for session ID: qsahp4zbxjz4fd2bpxfmcrac
2024-09-03 14:10:51,334 INFO: [PREPARE] Session ready for camera 7
2024-09-03 14:10:52,052 INFO: [39] Obtained session ID: g4mlxwu25iwiyos5noowkxmr
2024-09-03 14:10:52,205 INFO: [39] Playing video for session ID: g4mlxwu25iwiyos5noowkxmr
2024-09-03 14:10:52,205 INFO: [PREPARE] Session ready for camera 39
2024-09-03 14:10:52,215 INFO: [83] Obtained session ID: owdgiupepbta1o3an1y1munw
2024-09-03 14:10:52,381 INFO: [83] Playing video for session ID: owdgiupepbta1o3an1y1munw
2024-09-03 14:10:52,381 INFO: [PREPARE] Session ready for camera 83
2024-09-03 14:10:52,522 INFO: [572] Obtained session ID: ccnwj3og42hragsyzpxo3fpz
2024-09-03 14:10:52,661 INFO: [77] Obtained session ID: kmtkjowpjyfih21vzlbiy4fm
2024-09-03 14:10:52,707 INFO: [572] Playing video for session ID: ccnwj3og42hragsyzpxo3fpz
2024-09-03 14:10:52,707 INFO: [PREPARE] Session ready for camera 572
2024-09-03 14:10:52,786 INFO: [77] Playing video for session ID: kmtkjowpjyfih21vzlbiy4fm
2024-09-03 14:10:52,786 INFO: [PREPARE] Session ready for camera 77
2024-09-03 14:10:52,787 INFO: [INFO] Total number of scraped CCTVs: 6
2024-09-03 14:10:52,787 INFO: [INFO] Successfully processed 6 CCTVs out of 6.
2024-09-03 14:10:52,788 INFO: [INFO] JSON data has been written to ./cctvSessionTemp/cctv_sessions_2024-09-03_14-10-52.json
2024-09-03 14:10:52,788 INFO: [INFO] All session IDs have been successfully prepared and saved.


