2024-09-02 13:45:01,096 INFO: [MAIN] Logging setup completed!
2024-09-02 13:45:01,096 INFO: [UPDATER] Getting camera list from http://www.bmatraffic.com
2024-09-02 13:45:03,840 INFO: [UPDATER] Successfully getting camera list.
2024-09-02 13:45:04,068 INFO: [DATABASE] Updated is_online to TRUE for CCTV IDs: ['7', '11', '12', '18', '19', '20', '26', '32', '36', '37', '39', '46', '47', '51', '63', '70', '73', '75', '76', '77', '78', '79', '80', '81', '82', '83', '87', '88', '89', '90', '92', '93', '94', '95', '96', '97', '98', '99', '101', '102', '103', '105', '108', '109', '111', '112', '113', '114', '116', '117', '118', '119', '120', '121', '123', '124', '125', '126', '127', '128', '129', '130', '131', '132', '133', '135', '136', '137', '138', '139', '140', '141', '146', '147', '148', '149', '150', '151', '152', '153', '154', '155', '156', '158', '159', '162', '163', '168', '169', '170', '171', '173', '176', '177', '178', '179', '180', '181', '182', '184', '185', '186', '188', '189', '190', '191', '194', '195', '196', '197', '198', '199', '200', '201', '202', '203', '206', '207', '208', '209', '211', '212', '214', '215', '216', '217', '218', '219', '220', '221', '222', '223', '224', '225', '226', '227', '229', '230', '231', '232', '233', '239', '240', '244', '248', '250', '251', '252', '253', '254', '255', '256', '257', '258', '259', '277', '291', '301', '304', '305', '309', '310', '318', '320', '332', '335', '354', '363', '364', '374', '385', '386', '387', '388', '394', '411', '413', '432', '439', '479', '481', '493', '500', '506', '526', '527', '535', '536', '542', '546', '556', '562', '569', '572', '576', '584', '595', '597', '603', '604', '609', '610', '612', '613', '615', '616', '619', '622', '623', '630', '639', '642', '648', '907', '913', '915', '924', '939', '942', '947', '953', '962', '968', '971', '991', '996', '997', '999', '1027', '1028', '1037', '1038', '1043', '1051', '1053', '1058', '1060', '1061', '1063', '1064', '1065', '1066', '1067', '1068', '1069', '1070', '1071', '1076', '1078', '1081', '1082', '1083', '1085', '1086', '1087', '1088', '1089', '1092', '1094', '1101', '1103', '1110', '1112', '1120', '1121', '1122', '1123', '1124', '1125', '1127', '1128', '1130', '1131', '1132', '1133', '1134', '1135', '1136', '1143', '1152', '1157', '1163', '1164', '1166', '1167', '1168', '1169', '1170', '1172', '1174', '1178', '1183', '1184', '1185', '1188', '1191', '1192', '1194', '1195', '1200', '1204', '1206', '1207', '1219', '1220', '1221', '1222', '1223', '1225', '1226', '1230', '1231', '1232', '1234', '1242', '1243', '1244', '1246', '1249', '1255', '1260', '1261', '1263', '1264', '1273', '1274', '1283', '1284', '1286', '1297', '1298', '1299', '1301', '1304', '1305', '1313', '1318', '1319', '1320', '1322', '1323', '1325', '1326', '1330', '1332', '1333', '1336', '1338', '1339', '1341', '1344', '1345', '1349', '1353', '1356', '1357', '1358', '1359', '1360', '1361', '1362', '1368', '1369', '1379', '1380', '1381', '1382', '1383', '1384', '1385', '1386', '1387', '1388', '1389', '1395', '1399', '1401', '1403', '1405', '1406', '1407', '1408', '1421', '1422', '1426', '1427', '1428', '1429', '1430', '1431', '1432', '1433', '1434', '1435', '1436', '1437', '1438', '1439', '1442', '1443', '1444', '1445', '1446', '1447', '1451', '1452', '1453', '1456', '1458', '1460', '1461', '1463', '1464', '1466', '1467', '1469', '1470', '1471', '1472', '1474', '1475', '1478', '1479', '1480', '1482', '1483', '1484', '1486', '1489', '1490', '1497', '1498', '1499', '1502', '1505', '1508', '1509', '1510', '1511', '1512', '1514', '1515', '1518', '1522', '1523', '1525', '1526', '1527', '1528', '1529', '1530', '1531', '1533', '1534', '1535', '1536', '1537', '1539', '1541', '1543', '1544', '1545', '1546', '1547', '1548', '1550', '1552', '1553', '1554', '1555', '1556', '1558', '1559', '1563', '1564', '1566', '1568', '1569', '1574', '1581', '1582', '1584', '1585', '1587', '1588', '1590', '1591', '1592', '1593', '1594', '1595', '1597', '1598', '1600', '1601', '1602', '1603', '1604', '1605', '1606', '1607', '1613', '1616', '1619', '1622', '1624', '1626', '1627', '1628', '1633', '1634', '1635', '1637', '1638', '1641', '1642', '1643', '1646', '1648', '1649', '1650', '1653', '1654', '1655', '1656', '1658', '1659', '1662', '1668', '1670', '1671', '1672', '1677', '1678', '1679', '1681', '1682', '1683', '1684', '1685', '1686', '1689', '1693', '1695', '1696', '1705', '1707', '1708', '1709', '1710', '1711', '1712', '1715', '1716', '1717', '1718', '1719', '1723', '1724', '1725', '1726', '1727', '1729', '1730', '1731', '1732', '1733', '1734', '1735', '1736', '1737', '1741', '1748', '1749', '1750', '1751', '1752', '1753', '1754', '1757', '1759', '1763', '1764', '1766', '1767', '1779', '1780', '1781', '1782', '1784', '1790', '1791', '1793']
2024-09-02 13:45:04,101 INFO: [UPDATER] No new cameras found.
2024-09-02 13:45:04,101 INFO: [UPDATER] 593 cameras are online out of 712
2024-09-02 13:45:04,101 INFO: [UPDATER] 119 cameras are offline

2024-09-02 13:45:04,101 INFO: [UPDATER] Starting scraping!

2024-09-02 13:45:04,101 INFO: [INFO] Initializing all session IDs.
2024-09-02 13:45:04,103 INFO: [PREPARE] Preparing session for camera 7
2024-09-02 13:45:04,104 INFO: [PREPARE] Preparing session for camera 11
2024-09-02 13:45:04,104 INFO: [PREPARE] Preparing session for camera 12
2024-09-02 13:45:04,104 INFO: [PREPARE] Preparing session for camera 18
2024-09-02 13:45:04,105 INFO: [PREPARE] Preparing session for camera 19
2024-09-02 13:45:04,106 INFO: [PREPARE] Preparing session for camera 20
2024-09-02 13:45:04,106 INFO: [PREPARE] Preparing session for camera 26
2024-09-02 13:45:04,107 INFO: [PREPARE] Preparing session for camera 32
2024-09-02 13:45:04,108 INFO: [PREPARE] Preparing session for camera 36
2024-09-02 13:45:04,108 INFO: [PREPARE] Preparing session for camera 37
2024-09-02 13:45:04,109 INFO: [PREPARE] Preparing session for camera 39
2024-09-02 13:45:04,109 INFO: [PREPARE] Preparing session for camera 46
2024-09-02 13:45:04,110 INFO: [PREPARE] Preparing session for camera 47
2024-09-02 13:45:04,111 INFO: [PREPARE] Preparing session for camera 51
2024-09-02 13:45:04,111 INFO: [PREPARE] Preparing session for camera 63
2024-09-02 13:45:04,113 INFO: [PREPARE] Preparing session for camera 70
2024-09-02 13:45:04,113 INFO: [PREPARE] Preparing session for camera 73
2024-09-02 13:45:04,114 INFO: [PREPARE] Preparing session for camera 75
2024-09-02 13:45:04,115 INFO: [PREPARE] Preparing session for camera 76
2024-09-02 13:45:04,115 INFO: [PREPARE] Preparing session for camera 77
2024-09-02 13:45:04,116 INFO: [PREPARE] Preparing session for camera 78
2024-09-02 13:45:04,117 INFO: [PREPARE] Preparing session for camera 79
2024-09-02 13:45:04,118 INFO: [PREPARE] Preparing session for camera 80
2024-09-02 13:45:04,119 INFO: [PREPARE] Preparing session for camera 81
2024-09-02 13:45:04,120 INFO: [PREPARE] Preparing session for camera 82
2024-09-02 13:45:04,120 INFO: [PREPARE] Preparing session for camera 83
2024-09-02 13:45:04,121 INFO: [PREPARE] Preparing session for camera 87
2024-09-02 13:45:04,121 INFO: [PREPARE] Preparing session for camera 88
2024-09-02 13:45:04,122 INFO: [PREPARE] Preparing session for camera 89
2024-09-02 13:45:04,123 INFO: [PREPARE] Preparing session for camera 90
2024-09-02 13:45:04,123 INFO: [PREPARE] Preparing session for camera 92
2024-09-02 13:45:04,124 INFO: [PREPARE] Preparing session for camera 93
2024-09-02 13:45:04,125 INFO: [PREPARE] Preparing session for camera 94
2024-09-02 13:45:04,126 INFO: [PREPARE] Preparing session for camera 95
2024-09-02 13:45:04,126 INFO: [PREPARE] Preparing session for camera 96
2024-09-02 13:45:04,127 INFO: [PREPARE] Preparing session for camera 97
2024-09-02 13:45:04,127 INFO: [PREPARE] Preparing session for camera 98
2024-09-02 13:45:04,128 INFO: [PREPARE] Preparing session for camera 99
2024-09-02 13:45:04,129 INFO: [PREPARE] Preparing session for camera 101
2024-09-02 13:45:04,130 INFO: [PREPARE] Preparing session for camera 102
2024-09-02 13:45:04,130 INFO: [PREPARE] Preparing session for camera 103
2024-09-02 13:45:04,131 INFO: [PREPARE] Preparing session for camera 105
2024-09-02 13:45:04,132 INFO: [PREPARE] Preparing session for camera 108
2024-09-02 13:45:04,132 INFO: [PREPARE] Preparing session for camera 109
2024-09-02 13:45:04,133 INFO: [PREPARE] Preparing session for camera 111
2024-09-02 13:45:04,134 INFO: [PREPARE] Preparing session for camera 112
2024-09-02 13:45:04,134 INFO: [PREPARE] Preparing session for camera 113
2024-09-02 13:45:04,135 INFO: [PREPARE] Preparing session for camera 114
2024-09-02 13:45:04,135 INFO: [PREPARE] Preparing session for camera 116
2024-09-02 13:45:04,136 INFO: [PREPARE] Preparing session for camera 117
2024-09-02 13:45:04,137 INFO: [PREPARE] Preparing session for camera 118
2024-09-02 13:45:04,138 INFO: [PREPARE] Preparing session for camera 119
2024-09-02 13:45:04,138 INFO: [PREPARE] Preparing session for camera 120
2024-09-02 13:45:04,138 INFO: [PREPARE] Preparing session for camera 121
2024-09-02 13:45:04,139 INFO: [PREPARE] Preparing session for camera 123
2024-09-02 13:45:04,140 INFO: [PREPARE] Preparing session for camera 124
2024-09-02 13:45:04,140 INFO: [PREPARE] Preparing session for camera 125
2024-09-02 13:45:04,141 INFO: [PREPARE] Preparing session for camera 126
2024-09-02 13:45:04,142 INFO: [PREPARE] Preparing session for camera 127
2024-09-02 13:45:04,143 INFO: [PREPARE] Preparing session for camera 128
2024-09-02 13:45:04,143 INFO: [PREPARE] Preparing session for camera 129
2024-09-02 13:45:04,144 INFO: [PREPARE] Preparing session for camera 130
2024-09-02 13:45:04,145 INFO: [PREPARE] Preparing session for camera 131
2024-09-02 13:45:04,145 INFO: [PREPARE] Preparing session for camera 132
2024-09-02 13:45:04,145 INFO: [PREPARE] Preparing session for camera 133
2024-09-02 13:45:04,146 INFO: [PREPARE] Preparing session for camera 135
2024-09-02 13:45:04,147 INFO: [PREPARE] Preparing session for camera 136
2024-09-02 13:45:04,148 INFO: [PREPARE] Preparing session for camera 137
2024-09-02 13:45:04,148 INFO: [PREPARE] Preparing session for camera 138
2024-09-02 13:45:04,149 INFO: [PREPARE] Preparing session for camera 139
2024-09-02 13:45:04,150 INFO: [PREPARE] Preparing session for camera 140
2024-09-02 13:45:04,150 INFO: [PREPARE] Preparing session for camera 141
2024-09-02 13:45:04,151 INFO: [PREPARE] Preparing session for camera 146
2024-09-02 13:45:04,152 INFO: [PREPARE] Preparing session for camera 147
2024-09-02 13:45:04,152 INFO: [PREPARE] Preparing session for camera 148
2024-09-02 13:45:04,153 INFO: [PREPARE] Preparing session for camera 149
2024-09-02 13:45:04,153 INFO: [PREPARE] Preparing session for camera 150
2024-09-02 13:45:04,155 INFO: [PREPARE] Preparing session for camera 151
2024-09-02 13:45:04,156 INFO: [PREPARE] Preparing session for camera 152
2024-09-02 13:45:04,156 INFO: [PREPARE] Preparing session for camera 153
2024-09-02 13:45:13,226 INFO: [151] Obtained session ID: ydypigwqpw12jfb21xxu5jky
2024-09-02 13:45:13,258 INFO: [151] Playing video for session ID: ydypigwqpw12jfb21xxu5jky
2024-09-02 13:45:13,258 INFO: [PREPARE] Session ready for camera 151
2024-09-02 13:45:13,259 INFO: [PREPARE] Preparing session for camera 154
2024-09-02 13:45:13,633 INFO: [128] Obtained session ID: naqudvsdh324kkfcz0n1advc
2024-09-02 13:45:13,673 INFO: [77] Obtained session ID: 5uqznj1fjju323d22j13yjwc
2024-09-02 13:45:13,676 INFO: [128] Playing video for session ID: naqudvsdh324kkfcz0n1advc
2024-09-02 13:45:13,676 INFO: [PREPARE] Session ready for camera 128
2024-09-02 13:45:13,677 INFO: [PREPARE] Preparing session for camera 155
2024-09-02 13:45:13,725 INFO: [77] Playing video for session ID: 5uqznj1fjju323d22j13yjwc
2024-09-02 13:45:13,725 INFO: [PREPARE] Session ready for camera 77
2024-09-02 13:45:13,726 INFO: [PREPARE] Preparing session for camera 156
2024-09-02 13:45:14,115 INFO: [114] Obtained session ID: e0ci3yjssvilfgqzpo5rumxb
2024-09-02 13:45:14,150 INFO: [37] Obtained session ID: ojjysi0m3qu23waiwrqn33q3
2024-09-02 13:45:14,154 INFO: [103] Obtained session ID: v3enh4snavh5zkal4xfvrqy5
2024-09-02 13:45:14,178 INFO: [114] Playing video for session ID: e0ci3yjssvilfgqzpo5rumxb
2024-09-02 13:45:14,178 INFO: [PREPARE] Session ready for camera 114
2024-09-02 13:45:14,179 INFO: [PREPARE] Preparing session for camera 158
2024-09-02 13:45:14,199 INFO: [103] Playing video for session ID: v3enh4snavh5zkal4xfvrqy5
2024-09-02 13:45:14,199 INFO: [PREPARE] Session ready for camera 103
2024-09-02 13:45:14,200 INFO: [PREPARE] Preparing session for camera 159
2024-09-02 13:45:14,203 INFO: [37] Playing video for session ID: ojjysi0m3qu23waiwrqn33q3
2024-09-02 13:45:14,205 INFO: [PREPARE] Session ready for camera 37
2024-09-02 13:45:14,205 INFO: [PREPARE] Preparing session for camera 162
2024-09-02 13:45:14,333 INFO: [112] Obtained session ID: r1uc325i2gwpxht0l352y2oe
2024-09-02 13:45:14,385 INFO: [112] Playing video for session ID: r1uc325i2gwpxht0l352y2oe
2024-09-02 13:45:14,385 INFO: [PREPARE] Session ready for camera 112
2024-09-02 13:45:14,386 INFO: [PREPARE] Preparing session for camera 163
2024-09-02 13:45:14,561 INFO: [113] Obtained session ID: gkiv25jfaqurvfdjnk2xdc5n
2024-09-02 13:45:14,584 INFO: [105] Obtained session ID: lo2cuk23v25ucaqsvglxibps
2024-09-02 13:45:14,630 INFO: [105] Playing video for session ID: lo2cuk23v25ucaqsvglxibps
2024-09-02 13:45:14,630 INFO: [PREPARE] Session ready for camera 105
2024-09-02 13:45:14,631 INFO: [PREPARE] Preparing session for camera 168
2024-09-02 13:45:14,637 INFO: [113] Playing video for session ID: gkiv25jfaqurvfdjnk2xdc5n
2024-09-02 13:45:14,637 INFO: [PREPARE] Session ready for camera 113
2024-09-02 13:45:14,637 INFO: [PREPARE] Preparing session for camera 169
2024-09-02 13:45:14,701 INFO: [7] Obtained session ID: plhbncaz4mf40efcjy2x4ohd
2024-09-02 13:45:14,742 INFO: [7] Playing video for session ID: plhbncaz4mf40efcjy2x4ohd
2024-09-02 13:45:14,742 INFO: [PREPARE] Session ready for camera 7
2024-09-02 13:45:14,743 INFO: [PREPARE] Preparing session for camera 170
2024-09-02 13:45:14,782 INFO: [12] Obtained session ID: 5xqyl5gycvlskdkfxeql0mak
2024-09-02 13:45:14,810 INFO: [12] Playing video for session ID: 5xqyl5gycvlskdkfxeql0mak
2024-09-02 13:45:14,810 INFO: [PREPARE] Session ready for camera 12
2024-09-02 13:45:14,811 INFO: [PREPARE] Preparing session for camera 171
2024-09-02 13:45:14,819 INFO: [101] Obtained session ID: bay0gvjqclgfbgyogw2mzblg
2024-09-02 13:45:14,864 INFO: [101] Playing video for session ID: bay0gvjqclgfbgyogw2mzblg
2024-09-02 13:45:14,865 INFO: [PREPARE] Session ready for camera 101
2024-09-02 13:45:14,865 INFO: [PREPARE] Preparing session for camera 173
2024-09-02 13:45:14,916 INFO: [26] Obtained session ID: n5oirjqb4nanmuongp55tsjg
2024-09-02 13:45:14,955 INFO: [26] Playing video for session ID: n5oirjqb4nanmuongp55tsjg
2024-09-02 13:45:14,956 INFO: [PREPARE] Session ready for camera 26
2024-09-02 13:45:14,956 INFO: [PREPARE] Preparing session for camera 176
2024-09-02 13:45:14,969 INFO: [82] Obtained session ID: fh00haqcywy0ut5kqvylzmjf
2024-09-02 13:45:15,012 INFO: [109] Obtained session ID: gzh2zxb10uak4mqf5vrcekfz
2024-09-02 13:45:15,021 INFO: [82] Playing video for session ID: fh00haqcywy0ut5kqvylzmjf
2024-09-02 13:45:15,021 INFO: [PREPARE] Session ready for camera 82
2024-09-02 13:45:15,022 INFO: [PREPARE] Preparing session for camera 177
2024-09-02 13:45:15,048 INFO: [46] Obtained session ID: m4flb50mfv4uctv4f5an4zec
2024-09-02 13:45:15,098 INFO: [109] Playing video for session ID: gzh2zxb10uak4mqf5vrcekfz
2024-09-02 13:45:15,098 INFO: [PREPARE] Session ready for camera 109
2024-09-02 13:45:15,099 INFO: [PREPARE] Preparing session for camera 178
2024-09-02 13:45:15,108 INFO: [46] Playing video for session ID: m4flb50mfv4uctv4f5an4zec
2024-09-02 13:45:15,109 INFO: [PREPARE] Session ready for camera 46
2024-09-02 13:45:15,109 INFO: [PREPARE] Preparing session for camera 179
2024-09-02 13:45:15,199 INFO: [98] Obtained session ID: jwkxjmj1vuz5ock051qnndp5
2024-09-02 13:45:15,237 INFO: [98] Playing video for session ID: jwkxjmj1vuz5ock051qnndp5
2024-09-02 13:45:15,237 INFO: [PREPARE] Session ready for camera 98
2024-09-02 13:45:15,238 INFO: [PREPARE] Preparing session for camera 180
2024-09-02 13:45:15,264 INFO: [93] Obtained session ID: ovoxj1wrdv1zodohfx0xo5fn
2024-09-02 13:45:15,298 INFO: [93] Playing video for session ID: ovoxj1wrdv1zodohfx0xo5fn
2024-09-02 13:45:15,298 INFO: [PREPARE] Session ready for camera 93
2024-09-02 13:45:15,299 INFO: [79] Obtained session ID: uip2ng30pvz4j3l3w02zcney
2024-09-02 13:45:15,299 INFO: [PREPARE] Preparing session for camera 181
2024-09-02 13:45:15,342 INFO: [79] Playing video for session ID: uip2ng30pvz4j3l3w02zcney
2024-09-02 13:45:15,343 INFO: [PREPARE] Session ready for camera 79
2024-09-02 13:45:15,343 INFO: [PREPARE] Preparing session for camera 182
2024-09-02 13:45:15,358 INFO: [124] Obtained session ID: liqolzeobjygqfbiufvlngx5
2024-09-02 13:45:15,380 INFO: [125] Obtained session ID: bvnswqngunsdhn2rq4jvovol
2024-09-02 13:45:15,389 INFO: [124] Playing video for session ID: liqolzeobjygqfbiufvlngx5
2024-09-02 13:45:15,389 INFO: [PREPARE] Session ready for camera 124
2024-09-02 13:45:15,390 INFO: [PREPARE] Preparing session for camera 184
2024-09-02 13:45:15,419 INFO: [125] Playing video for session ID: bvnswqngunsdhn2rq4jvovol
2024-09-02 13:45:15,419 INFO: [PREPARE] Session ready for camera 125
2024-09-02 13:45:15,419 INFO: [PREPARE] Preparing session for camera 185
2024-09-02 13:45:16,014 INFO: [139] Obtained session ID: kiwm3k3qln5rp3vj23lgtokw
2024-09-02 13:45:16,078 INFO: [139] Playing video for session ID: kiwm3k3qln5rp3vj23lgtokw
2024-09-02 13:45:16,078 INFO: [PREPARE] Session ready for camera 139
2024-09-02 13:45:16,079 INFO: [PREPARE] Preparing session for camera 186
2024-09-02 13:45:16,083 INFO: [119] Obtained session ID: p5ypbuz5cmmryutkhwblgsfu
2024-09-02 13:45:16,110 INFO: [97] Obtained session ID: w10ixgjvsidyx5r02mgqkpmd
2024-09-02 13:45:16,133 INFO: [119] Playing video for session ID: p5ypbuz5cmmryutkhwblgsfu
2024-09-02 13:45:16,133 INFO: [PREPARE] Session ready for camera 119
2024-09-02 13:45:16,134 INFO: [PREPARE] Preparing session for camera 188
2024-09-02 13:45:16,190 INFO: [97] Playing video for session ID: w10ixgjvsidyx5r02mgqkpmd
2024-09-02 13:45:16,192 INFO: [PREPARE] Session ready for camera 97
2024-09-02 13:45:16,193 INFO: [PREPARE] Preparing session for camera 189
2024-09-02 13:45:16,263 INFO: [121] Obtained session ID: y02enioxh5k05dzvcvjkqar2
2024-09-02 13:45:16,357 INFO: [153] Obtained session ID: fjz5fumi2nyhrl5wdha5rcg0
2024-09-02 13:45:16,365 INFO: [121] Playing video for session ID: y02enioxh5k05dzvcvjkqar2
2024-09-02 13:45:16,365 INFO: [PREPARE] Session ready for camera 121
2024-09-02 13:45:16,366 INFO: [PREPARE] Preparing session for camera 190
2024-09-02 13:45:16,430 INFO: [133] Obtained session ID: 1wwvoxbxjudww5sew1sgltgb
2024-09-02 13:45:16,432 INFO: [153] Playing video for session ID: fjz5fumi2nyhrl5wdha5rcg0
2024-09-02 13:45:16,432 INFO: [PREPARE] Session ready for camera 153
2024-09-02 13:45:16,432 INFO: [PREPARE] Preparing session for camera 191
2024-09-02 13:45:16,448 INFO: [149] Obtained session ID: 4kpnxji0jn1nnin2awum5ysw
2024-09-02 13:45:16,553 INFO: [133] Playing video for session ID: 1wwvoxbxjudww5sew1sgltgb
2024-09-02 13:45:16,553 INFO: [PREPARE] Session ready for camera 133
2024-09-02 13:45:16,555 INFO: [149] Playing video for session ID: 4kpnxji0jn1nnin2awum5ysw
2024-09-02 13:45:16,555 INFO: [PREPARE] Session ready for camera 149
2024-09-02 13:45:16,555 INFO: [PREPARE] Preparing session for camera 194
2024-09-02 13:45:16,556 INFO: [PREPARE] Preparing session for camera 195
2024-09-02 13:45:16,560 INFO: [32] Obtained session ID: 1lwht5dy02xwh2gjjgmbdndn
2024-09-02 13:45:16,566 INFO: [19] Obtained session ID: orl2sjtt3hancaptpbelvlam
2024-09-02 13:45:16,605 INFO: [90] Obtained session ID: gukp5jb1tjrsk1eoezp1ydu1
2024-09-02 13:45:16,606 INFO: [130] Obtained session ID: xsgm5bmlh4dti3iv2w5wgumk
2024-09-02 13:45:16,657 INFO: [78] Obtained session ID: m0yedh43o5cjg4uy5b2z3bse
2024-09-02 13:45:16,697 INFO: [32] Playing video for session ID: 1lwht5dy02xwh2gjjgmbdndn
2024-09-02 13:45:16,698 INFO: [19] Playing video for session ID: orl2sjtt3hancaptpbelvlam
2024-09-02 13:45:16,698 INFO: [PREPARE] Session ready for camera 32
2024-09-02 13:45:16,698 INFO: [PREPARE] Session ready for camera 19
2024-09-02 13:45:16,699 INFO: [PREPARE] Preparing session for camera 196
2024-09-02 13:45:16,699 INFO: [PREPARE] Preparing session for camera 197
2024-09-02 13:45:16,710 INFO: [90] Playing video for session ID: gukp5jb1tjrsk1eoezp1ydu1
2024-09-02 13:45:16,710 INFO: [PREPARE] Session ready for camera 90
2024-09-02 13:45:16,710 INFO: [130] Playing video for session ID: xsgm5bmlh4dti3iv2w5wgumk
2024-09-02 13:45:16,710 INFO: [PREPARE] Session ready for camera 130
2024-09-02 13:45:16,710 INFO: [PREPARE] Preparing session for camera 198
2024-09-02 13:45:16,713 INFO: [PREPARE] Preparing session for camera 199
2024-09-02 13:45:16,723 INFO: [95] Obtained session ID: c4ugl4qbbvlm1ljuvfdbkw2u
2024-09-02 13:45:16,726 INFO: [78] Playing video for session ID: m0yedh43o5cjg4uy5b2z3bse
2024-09-02 13:45:16,727 INFO: [PREPARE] Session ready for camera 78
2024-09-02 13:45:16,728 INFO: [PREPARE] Preparing session for camera 200
2024-09-02 13:45:16,743 INFO: [94] Obtained session ID: sun2pva0nnvoyzifwgemb2ld
2024-09-02 13:45:16,762 INFO: [95] Playing video for session ID: c4ugl4qbbvlm1ljuvfdbkw2u
2024-09-02 13:45:16,762 INFO: [PREPARE] Session ready for camera 95
2024-09-02 13:45:16,763 INFO: [102] Obtained session ID: 4en0wcmo0vrjyjreykituh3v
2024-09-02 13:45:16,763 INFO: [PREPARE] Preparing session for camera 201
2024-09-02 13:45:16,769 INFO: [116] Obtained session ID: 3ost0sjwhrubu01wj01ynsml
2024-09-02 13:45:16,786 INFO: [94] Playing video for session ID: sun2pva0nnvoyzifwgemb2ld
2024-09-02 13:45:16,786 INFO: [PREPARE] Session ready for camera 94
2024-09-02 13:45:16,786 INFO: [PREPARE] Preparing session for camera 202
2024-09-02 13:45:16,794 INFO: [102] Playing video for session ID: 4en0wcmo0vrjyjreykituh3v
2024-09-02 13:45:16,794 INFO: [PREPARE] Session ready for camera 102
2024-09-02 13:45:16,794 INFO: [PREPARE] Preparing session for camera 203
2024-09-02 13:45:16,800 INFO: [116] Playing video for session ID: 3ost0sjwhrubu01wj01ynsml
2024-09-02 13:45:16,800 INFO: [PREPARE] Session ready for camera 116
2024-09-02 13:45:16,800 INFO: [PREPARE] Preparing session for camera 206
2024-09-02 13:45:16,833 INFO: [70] Obtained session ID: gsr5fkgp3uowppsfrkxwew5o
2024-09-02 13:45:16,881 INFO: [70] Playing video for session ID: gsr5fkgp3uowppsfrkxwew5o
2024-09-02 13:45:16,882 INFO: [PREPARE] Session ready for camera 70
2024-09-02 13:45:16,882 INFO: [PREPARE] Preparing session for camera 207
2024-09-02 13:45:16,891 INFO: [148] Obtained session ID: uby0fioqttj0pi2c3xqivppo
2024-09-02 13:45:16,898 INFO: [118] Obtained session ID: gnidsgi4fn0zotpojgvi20fa
2024-09-02 13:45:16,927 INFO: [148] Playing video for session ID: uby0fioqttj0pi2c3xqivppo
2024-09-02 13:45:16,927 INFO: [PREPARE] Session ready for camera 148
2024-09-02 13:45:16,928 INFO: [PREPARE] Preparing session for camera 208
2024-09-02 13:45:16,933 INFO: [18] Obtained session ID: to3smvrzqigz21hhetzln5he
2024-09-02 13:45:16,938 INFO: [118] Playing video for session ID: gnidsgi4fn0zotpojgvi20fa
2024-09-02 13:45:16,938 INFO: [PREPARE] Session ready for camera 118
2024-09-02 13:45:16,939 INFO: [PREPARE] Preparing session for camera 209
2024-09-02 13:45:16,973 INFO: [63] Obtained session ID: cwmybokh2upmcjoqemcrheql
2024-09-02 13:45:16,976 INFO: [96] Obtained session ID: 14jtn3ulprwsuznclk4pkyyt
2024-09-02 13:45:16,982 INFO: [127] Obtained session ID: l2ky0jnymqhoiimgtt2jkurr
2024-09-02 13:45:17,011 INFO: [18] Playing video for session ID: to3smvrzqigz21hhetzln5he
2024-09-02 13:45:17,011 INFO: [PREPARE] Session ready for camera 18
2024-09-02 13:45:17,012 INFO: [PREPARE] Preparing session for camera 211
2024-09-02 13:45:17,013 INFO: [96] Playing video for session ID: 14jtn3ulprwsuznclk4pkyyt
2024-09-02 13:45:17,013 INFO: [127] Playing video for session ID: l2ky0jnymqhoiimgtt2jkurr
2024-09-02 13:45:17,013 INFO: [63] Playing video for session ID: cwmybokh2upmcjoqemcrheql
2024-09-02 13:45:17,013 INFO: [PREPARE] Session ready for camera 96
2024-09-02 13:45:17,014 INFO: [PREPARE] Session ready for camera 127
2024-09-02 13:45:17,014 INFO: [PREPARE] Session ready for camera 63
2024-09-02 13:45:17,014 INFO: [PREPARE] Preparing session for camera 212
2024-09-02 13:45:17,015 INFO: [PREPARE] Preparing session for camera 214
2024-09-02 13:45:17,015 INFO: [PREPARE] Preparing session for camera 215
2024-09-02 13:45:17,070 INFO: [51] Obtained session ID: eutl0rj1kmgnz2finxjno4m5
2024-09-02 13:45:17,097 INFO: [87] Obtained session ID: lkryf0zsvuls10ndrjluhojq
2024-09-02 13:45:17,107 INFO: [51] Playing video for session ID: eutl0rj1kmgnz2finxjno4m5
2024-09-02 13:45:17,107 INFO: [PREPARE] Session ready for camera 51
2024-09-02 13:45:17,108 INFO: [PREPARE] Preparing session for camera 216
2024-09-02 13:45:17,138 INFO: [87] Playing video for session ID: lkryf0zsvuls10ndrjluhojq
2024-09-02 13:45:17,138 INFO: [PREPARE] Session ready for camera 87
2024-09-02 13:45:17,139 INFO: [PREPARE] Preparing session for camera 217
2024-09-02 13:45:17,422 INFO: [88] Obtained session ID: 10cspd22tz1vhfldlsfd2mne
2024-09-02 13:45:17,464 INFO: [88] Playing video for session ID: 10cspd22tz1vhfldlsfd2mne
2024-09-02 13:45:17,464 INFO: [PREPARE] Session ready for camera 88
2024-09-02 13:45:17,465 INFO: [PREPARE] Preparing session for camera 218
2024-09-02 13:45:17,852 INFO: [76] Obtained session ID: ybpqt3skpg3itogyigv5gmd1
2024-09-02 13:45:17,875 INFO: [76] Playing video for session ID: ybpqt3skpg3itogyigv5gmd1
2024-09-02 13:45:17,875 INFO: [PREPARE] Session ready for camera 76
2024-09-02 13:45:17,876 INFO: [PREPARE] Preparing session for camera 219
2024-09-02 13:45:18,626 INFO: [39] Obtained session ID: efpwgsw13vicq4ct1gjzrh4m
2024-09-02 13:45:18,661 INFO: [39] Playing video for session ID: efpwgsw13vicq4ct1gjzrh4m
2024-09-02 13:45:18,663 INFO: [PREPARE] Session ready for camera 39
2024-09-02 13:45:18,663 INFO: [PREPARE] Preparing session for camera 220
2024-09-02 13:45:18,944 INFO: [126] Obtained session ID: kve3ekry1nyeyeolbz041xra
2024-09-02 13:45:18,948 INFO: [131] Obtained session ID: eg2jj2iet20sw4tkietgxmvs
2024-09-02 13:45:18,973 INFO: [126] Playing video for session ID: kve3ekry1nyeyeolbz041xra
2024-09-02 13:45:18,973 INFO: [PREPARE] Session ready for camera 126
2024-09-02 13:45:18,974 INFO: [PREPARE] Preparing session for camera 221
2024-09-02 13:45:18,985 INFO: [131] Playing video for session ID: eg2jj2iet20sw4tkietgxmvs
2024-09-02 13:45:18,985 INFO: [PREPARE] Session ready for camera 131
2024-09-02 13:45:18,986 INFO: [PREPARE] Preparing session for camera 222
2024-09-02 13:45:18,998 INFO: [141] Obtained session ID: fvbkrvq5wmkf3t2xzra2bh33
2024-09-02 13:45:19,016 INFO: [120] Obtained session ID: xjobmgofhokxzp2uofvsohjx
2024-09-02 13:45:19,028 INFO: [150] Obtained session ID: vhplp5jpdq0gvzh4iowvft1w
2024-09-02 13:45:19,030 INFO: [141] Playing video for session ID: fvbkrvq5wmkf3t2xzra2bh33
2024-09-02 13:45:19,031 INFO: [PREPARE] Session ready for camera 141
2024-09-02 13:45:19,031 INFO: [PREPARE] Preparing session for camera 223
2024-09-02 13:45:19,046 INFO: [120] Playing video for session ID: xjobmgofhokxzp2uofvsohjx
2024-09-02 13:45:19,046 INFO: [PREPARE] Session ready for camera 120
2024-09-02 13:45:19,047 INFO: [PREPARE] Preparing session for camera 224
2024-09-02 13:45:19,065 INFO: [150] Playing video for session ID: vhplp5jpdq0gvzh4iowvft1w
2024-09-02 13:45:19,065 INFO: [PREPARE] Session ready for camera 150
2024-09-02 13:45:19,066 INFO: [PREPARE] Preparing session for camera 225
2024-09-02 13:45:19,222 INFO: [92] Obtained session ID: 3zjxjmtwgzgk5l22c03aou3l
2024-09-02 13:45:19,260 INFO: [92] Playing video for session ID: 3zjxjmtwgzgk5l22c03aou3l
2024-09-02 13:45:19,260 INFO: [PREPARE] Session ready for camera 92
2024-09-02 13:45:19,260 INFO: [PREPARE] Preparing session for camera 226
2024-09-02 13:45:19,339 INFO: [36] Obtained session ID: dkcjozrgde2xtooghdakxnop
2024-09-02 13:45:19,369 INFO: [36] Playing video for session ID: dkcjozrgde2xtooghdakxnop
2024-09-02 13:45:19,370 INFO: [PREPARE] Session ready for camera 36
2024-09-02 13:45:19,370 INFO: [PREPARE] Preparing session for camera 227
2024-09-02 13:45:19,451 INFO: [80] Obtained session ID: flawtbfmkbojfrkp4q4hpl3e
2024-09-02 13:45:19,469 INFO: [117] Obtained session ID: sz3amtymzc54535odssqz52d
2024-09-02 13:45:19,490 INFO: [80] Playing video for session ID: flawtbfmkbojfrkp4q4hpl3e
2024-09-02 13:45:19,490 INFO: [117] Playing video for session ID: sz3amtymzc54535odssqz52d
2024-09-02 13:45:19,490 INFO: [PREPARE] Session ready for camera 117
2024-09-02 13:45:19,491 INFO: [PREPARE] Session ready for camera 80
2024-09-02 13:45:19,491 INFO: [PREPARE] Preparing session for camera 229
2024-09-02 13:45:19,493 INFO: [PREPARE] Preparing session for camera 230
2024-09-02 13:45:19,675 INFO: [83] Obtained session ID: q40z3y5pfu1ujcftw4dn3gp1
2024-09-02 13:45:19,721 INFO: [83] Playing video for session ID: q40z3y5pfu1ujcftw4dn3gp1
2024-09-02 13:45:19,721 INFO: [PREPARE] Session ready for camera 83
2024-09-02 13:45:19,722 INFO: [PREPARE] Preparing session for camera 231
2024-09-02 13:45:19,903 INFO: [73] Obtained session ID: 1xyogxxy2jtzebgh2gigtqvq
2024-09-02 13:45:19,930 INFO: [20] Obtained session ID: yxqh0nbnot0ay50cdj31mrcn
2024-09-02 13:45:19,938 INFO: [73] Playing video for session ID: 1xyogxxy2jtzebgh2gigtqvq
2024-09-02 13:45:19,938 INFO: [PREPARE] Session ready for camera 73
2024-09-02 13:45:19,939 INFO: [PREPARE] Preparing session for camera 232
2024-09-02 13:45:19,966 INFO: [20] Playing video for session ID: yxqh0nbnot0ay50cdj31mrcn
2024-09-02 13:45:19,967 INFO: [PREPARE] Session ready for camera 20
2024-09-02 13:45:19,967 INFO: [PREPARE] Preparing session for camera 233
2024-09-02 13:45:20,003 INFO: [11] Obtained session ID: vrki3o5nkbymvgsv2brcietf
2024-09-02 13:45:20,047 INFO: [11] Playing video for session ID: vrki3o5nkbymvgsv2brcietf
2024-09-02 13:45:20,047 INFO: [PREPARE] Session ready for camera 11
2024-09-02 13:45:20,048 INFO: [PREPARE] Preparing session for camera 239
2024-09-02 13:45:21,252 INFO: [123] Obtained session ID: pmon1f2k2ecegtp2cvzo43np
2024-09-02 13:45:21,294 INFO: [152] Obtained session ID: hjouuq5uth1knlipw0ldpwe4
2024-09-02 13:45:21,310 INFO: [123] Playing video for session ID: pmon1f2k2ecegtp2cvzo43np
2024-09-02 13:45:21,312 INFO: [PREPARE] Session ready for camera 123
2024-09-02 13:45:21,312 INFO: [PREPARE] Preparing session for camera 240
2024-09-02 13:45:21,397 INFO: [152] Playing video for session ID: hjouuq5uth1knlipw0ldpwe4
2024-09-02 13:45:21,397 INFO: [PREPARE] Session ready for camera 152
2024-09-02 13:45:21,398 INFO: [PREPARE] Preparing session for camera 244
2024-09-02 13:45:21,401 INFO: [129] Obtained session ID: jwfu52qyqdbvbss4yqvf4hai
2024-09-02 13:45:21,453 INFO: [137] Obtained session ID: 20wpeu5s2fjlthr1g2qgpk5j
2024-09-02 13:45:21,456 INFO: [129] Playing video for session ID: jwfu52qyqdbvbss4yqvf4hai
2024-09-02 13:45:21,457 INFO: [PREPARE] Session ready for camera 129
2024-09-02 13:45:21,457 INFO: [PREPARE] Preparing session for camera 248
2024-09-02 13:45:21,483 INFO: [108] Obtained session ID: cte0x3nejcpak1dsxu2conje
2024-09-02 13:45:21,484 INFO: [137] Playing video for session ID: 20wpeu5s2fjlthr1g2qgpk5j
2024-09-02 13:45:21,485 INFO: [PREPARE] Session ready for camera 137
2024-09-02 13:45:21,486 INFO: [PREPARE] Preparing session for camera 250
2024-09-02 13:45:21,506 INFO: [108] Playing video for session ID: cte0x3nejcpak1dsxu2conje
2024-09-02 13:45:21,506 INFO: [PREPARE] Session ready for camera 108
2024-09-02 13:45:21,508 INFO: [PREPARE] Preparing session for camera 251
2024-09-02 13:45:21,553 INFO: [89] Obtained session ID: 55xs0tcaxlig4yrri5gcpzel
2024-09-02 13:45:21,557 INFO: [140] Obtained session ID: t5y41ikq2lncrn1bwunbpglf
2024-09-02 13:45:21,575 INFO: [136] Obtained session ID: mvlxtqbskghtfjzahkv3viyt
2024-09-02 13:45:21,577 INFO: [75] Obtained session ID: vq2kmsrdu3ohev5kwxx2tpvb
2024-09-02 13:45:21,594 INFO: [140] Playing video for session ID: t5y41ikq2lncrn1bwunbpglf
2024-09-02 13:45:21,594 INFO: [PREPARE] Session ready for camera 140
2024-09-02 13:45:21,594 INFO: [89] Playing video for session ID: 55xs0tcaxlig4yrri5gcpzel
2024-09-02 13:45:21,595 INFO: [PREPARE] Session ready for camera 89
2024-09-02 13:45:21,595 INFO: [PREPARE] Preparing session for camera 252
2024-09-02 13:45:21,596 INFO: [PREPARE] Preparing session for camera 253
2024-09-02 13:45:21,610 INFO: [75] Playing video for session ID: vq2kmsrdu3ohev5kwxx2tpvb
2024-09-02 13:45:21,610 INFO: [PREPARE] Session ready for camera 75
2024-09-02 13:45:21,610 INFO: [136] Playing video for session ID: mvlxtqbskghtfjzahkv3viyt
2024-09-02 13:45:21,610 INFO: [PREPARE] Preparing session for camera 254
2024-09-02 13:45:21,610 INFO: [PREPARE] Session ready for camera 136
2024-09-02 13:45:21,611 INFO: [PREPARE] Preparing session for camera 255
2024-09-02 13:45:21,624 INFO: [99] Obtained session ID: 101zminutrit0utsvsoymmup
2024-09-02 13:45:21,656 INFO: [99] Playing video for session ID: 101zminutrit0utsvsoymmup
2024-09-02 13:45:21,656 INFO: [PREPARE] Session ready for camera 99
2024-09-02 13:45:21,657 INFO: [PREPARE] Preparing session for camera 256
2024-09-02 13:45:22,345 INFO: [81] Obtained session ID: vernpzohno2w3ty0qstkeu0q
2024-09-02 13:45:22,384 INFO: [81] Playing video for session ID: vernpzohno2w3ty0qstkeu0q
2024-09-02 13:45:22,385 INFO: [PREPARE] Session ready for camera 81
2024-09-02 13:45:22,385 INFO: [PREPARE] Preparing session for camera 257
2024-09-02 13:45:22,751 INFO: [132] Obtained session ID: dooins02cuvrzxtrrfdzoniv
2024-09-02 13:45:22,837 INFO: [132] Playing video for session ID: dooins02cuvrzxtrrfdzoniv
2024-09-02 13:45:22,837 INFO: [PREPARE] Session ready for camera 132
2024-09-02 13:45:22,838 INFO: [PREPARE] Preparing session for camera 258
2024-09-02 13:45:22,933 INFO: [147] Obtained session ID: up41l2isorbsvsn02lq4m410
2024-09-02 13:45:22,958 INFO: [147] Playing video for session ID: up41l2isorbsvsn02lq4m410
2024-09-02 13:45:22,958 INFO: [PREPARE] Session ready for camera 147
2024-09-02 13:45:22,959 INFO: [PREPARE] Preparing session for camera 259
2024-09-02 13:45:22,972 INFO: [138] Obtained session ID: 5sfmapqrsicov3zgj35aady5
2024-09-02 13:45:22,992 INFO: [146] Obtained session ID: pbwokobrosm4wxaybiqlggmg
2024-09-02 13:45:23,021 INFO: [138] Playing video for session ID: 5sfmapqrsicov3zgj35aady5
2024-09-02 13:45:23,021 INFO: [PREPARE] Session ready for camera 138
2024-09-02 13:45:23,022 INFO: [PREPARE] Preparing session for camera 277
2024-09-02 13:45:23,033 INFO: [47] Obtained session ID: nwcubm2pmnycorxjdjrj3j0m
2024-09-02 13:45:23,050 INFO: [146] Playing video for session ID: pbwokobrosm4wxaybiqlggmg
2024-09-02 13:45:23,050 INFO: [PREPARE] Session ready for camera 146
2024-09-02 13:45:23,050 INFO: [PREPARE] Preparing session for camera 291
2024-09-02 13:45:23,062 INFO: [47] Playing video for session ID: nwcubm2pmnycorxjdjrj3j0m
2024-09-02 13:45:23,062 INFO: [PREPARE] Session ready for camera 47
2024-09-02 13:45:23,063 INFO: [PREPARE] Preparing session for camera 301
2024-09-02 13:45:23,111 INFO: [135] Obtained session ID: ufzhbzw01b0mt2idetgfk3ny
2024-09-02 13:45:23,156 INFO: [135] Playing video for session ID: ufzhbzw01b0mt2idetgfk3ny
2024-09-02 13:45:23,156 INFO: [PREPARE] Session ready for camera 135
2024-09-02 13:45:23,157 INFO: [PREPARE] Preparing session for camera 304
2024-09-02 13:45:23,210 INFO: [111] Obtained session ID: sz5zzo0nwpxfujwvtxdiiqb4
2024-09-02 13:45:23,262 INFO: [111] Playing video for session ID: sz5zzo0nwpxfujwvtxdiiqb4
2024-09-02 13:45:23,262 INFO: [PREPARE] Session ready for camera 111
2024-09-02 13:45:23,263 INFO: [PREPARE] Preparing session for camera 305
2024-09-02 13:45:27,373 INFO: [154] Obtained session ID: rbtfakiyomj1ktel0yulrxx3
2024-09-02 13:45:27,387 INFO: [156] Obtained session ID: i1osv4l1omzicbfmcdx0srlh
2024-09-02 13:45:27,418 INFO: [154] Playing video for session ID: rbtfakiyomj1ktel0yulrxx3
2024-09-02 13:45:27,418 INFO: [PREPARE] Session ready for camera 154
2024-09-02 13:45:27,419 INFO: [PREPARE] Preparing session for camera 309
2024-09-02 13:45:27,433 INFO: [156] Playing video for session ID: i1osv4l1omzicbfmcdx0srlh
2024-09-02 13:45:27,433 INFO: [PREPARE] Session ready for camera 156
2024-09-02 13:45:27,433 INFO: [PREPARE] Preparing session for camera 310
2024-09-02 13:45:28,473 INFO: [169] Obtained session ID: ooovxahxfrdfq55zk00bl5v5
2024-09-02 13:45:28,504 INFO: [169] Playing video for session ID: ooovxahxfrdfq55zk00bl5v5
2024-09-02 13:45:28,506 INFO: [PREPARE] Session ready for camera 169
2024-09-02 13:45:28,507 INFO: [PREPARE] Preparing session for camera 318
2024-09-02 13:45:28,676 INFO: [168] Obtained session ID: ql1jzu2l24j3o11pfxen43iz
2024-09-02 13:45:28,709 INFO: [168] Playing video for session ID: ql1jzu2l24j3o11pfxen43iz
2024-09-02 13:45:28,710 INFO: [PREPARE] Session ready for camera 168
2024-09-02 13:45:28,710 INFO: [PREPARE] Preparing session for camera 320
2024-09-02 13:45:29,324 INFO: [189] Obtained session ID: vxyqmbiim23cgvyobwlvwgix
2024-09-02 13:45:29,361 INFO: [189] Playing video for session ID: vxyqmbiim23cgvyobwlvwgix
2024-09-02 13:45:29,361 INFO: [PREPARE] Session ready for camera 189
2024-09-02 13:45:29,362 INFO: [PREPARE] Preparing session for camera 332
2024-09-02 13:45:29,569 INFO: [179] Obtained session ID: 3dd5lwyrm1apyikm40rmcjzs
2024-09-02 13:45:29,708 INFO: [179] Playing video for session ID: 3dd5lwyrm1apyikm40rmcjzs
2024-09-02 13:45:29,709 INFO: [PREPARE] Session ready for camera 179
2024-09-02 13:45:29,710 INFO: [PREPARE] Preparing session for camera 335
2024-09-02 13:45:29,840 INFO: [201] Obtained session ID: dkbu0i4qbu5ukzfrixabpgtu
2024-09-02 13:45:29,910 INFO: [201] Playing video for session ID: dkbu0i4qbu5ukzfrixabpgtu
2024-09-02 13:45:29,911 INFO: [PREPARE] Session ready for camera 201
2024-09-02 13:45:29,911 INFO: [PREPARE] Preparing session for camera 354
2024-09-02 13:45:30,168 INFO: [162] Obtained session ID: qo3tnxfiblk5q0yfbgtbrxc5
2024-09-02 13:45:30,228 INFO: [162] Playing video for session ID: qo3tnxfiblk5q0yfbgtbrxc5
2024-09-02 13:45:30,228 INFO: [PREPARE] Session ready for camera 162
2024-09-02 13:45:30,229 INFO: [PREPARE] Preparing session for camera 363
2024-09-02 13:45:30,330 INFO: [176] Obtained session ID: 4ttg2r4tsuq0vbwerc1dwira
2024-09-02 13:45:30,359 INFO: [176] Playing video for session ID: 4ttg2r4tsuq0vbwerc1dwira
2024-09-02 13:45:30,360 INFO: [PREPARE] Session ready for camera 176
2024-09-02 13:45:30,360 INFO: [PREPARE] Preparing session for camera 364
2024-09-02 13:45:30,450 INFO: [200] Obtained session ID: fasprxitof1j4fnppffp2mw0
2024-09-02 13:45:30,507 INFO: [178] Obtained session ID: sxdqabuhqizrtotvhfsb5a33
2024-09-02 13:45:30,514 INFO: [200] Playing video for session ID: fasprxitof1j4fnppffp2mw0
2024-09-02 13:45:30,514 INFO: [PREPARE] Session ready for camera 200
2024-09-02 13:45:30,515 INFO: [PREPARE] Preparing session for camera 374
2024-09-02 13:45:30,519 INFO: [180] Obtained session ID: wo5akucwi4omq3zi3et2euiq
2024-09-02 13:45:30,542 INFO: [180] Playing video for session ID: wo5akucwi4omq3zi3et2euiq
2024-09-02 13:45:30,542 INFO: [PREPARE] Session ready for camera 180
2024-09-02 13:45:30,543 INFO: [PREPARE] Preparing session for camera 385
2024-09-02 13:45:30,548 INFO: [178] Playing video for session ID: sxdqabuhqizrtotvhfsb5a33
2024-09-02 13:45:30,548 INFO: [PREPARE] Session ready for camera 178
2024-09-02 13:45:30,549 INFO: [PREPARE] Preparing session for camera 386
2024-09-02 13:45:30,730 INFO: [219] Obtained session ID: w5kchyugkhbtzoqw3kxbocgj
2024-09-02 13:45:30,763 INFO: [158] Obtained session ID: 1kcr0p5x1rqozlfr5amzr40k
2024-09-02 13:45:30,770 INFO: [219] Playing video for session ID: w5kchyugkhbtzoqw3kxbocgj
2024-09-02 13:45:30,770 INFO: [PREPARE] Session ready for camera 219
2024-09-02 13:45:30,771 INFO: [PREPARE] Preparing session for camera 387
2024-09-02 13:45:30,843 INFO: [158] Playing video for session ID: 1kcr0p5x1rqozlfr5amzr40k
2024-09-02 13:45:30,844 INFO: [PREPARE] Session ready for camera 158
2024-09-02 13:45:30,845 INFO: [PREPARE] Preparing session for camera 388
2024-09-02 13:45:31,060 INFO: [163] Obtained session ID: ylbz3a3rinz4stkrpe51k204
2024-09-02 13:45:31,127 INFO: [163] Playing video for session ID: ylbz3a3rinz4stkrpe51k204
2024-09-02 13:45:31,127 INFO: [PREPARE] Session ready for camera 163
2024-09-02 13:45:31,128 INFO: [PREPARE] Preparing session for camera 394
2024-09-02 13:45:31,683 INFO: [209] Obtained session ID: vuv1y0wpis20r3t4jiwjrdmd
2024-09-02 13:45:31,708 INFO: [209] Playing video for session ID: vuv1y0wpis20r3t4jiwjrdmd
2024-09-02 13:45:31,708 INFO: [PREPARE] Session ready for camera 209
2024-09-02 13:45:31,709 INFO: [PREPARE] Preparing session for camera 411
2024-09-02 13:45:31,737 INFO: [233] Obtained session ID: ey3qyc2gj05iqbg4k3ogdaxl
2024-09-02 13:45:31,798 INFO: [229] Obtained session ID: inn5bwglsusyb1kmarg3mcpc
2024-09-02 13:45:31,805 INFO: [233] Playing video for session ID: ey3qyc2gj05iqbg4k3ogdaxl
2024-09-02 13:45:31,805 INFO: [PREPARE] Session ready for camera 233
2024-09-02 13:45:31,805 INFO: [PREPARE] Preparing session for camera 413
2024-09-02 13:45:31,830 INFO: [206] Obtained session ID: k5rqrborbdiq2n3d3pofxccv
2024-09-02 13:45:31,835 INFO: [229] Playing video for session ID: inn5bwglsusyb1kmarg3mcpc
2024-09-02 13:45:31,835 INFO: [PREPARE] Session ready for camera 229
2024-09-02 13:45:31,836 INFO: [PREPARE] Preparing session for camera 432
2024-09-02 13:45:31,877 INFO: [206] Playing video for session ID: k5rqrborbdiq2n3d3pofxccv
2024-09-02 13:45:31,877 INFO: [PREPARE] Session ready for camera 206
2024-09-02 13:45:31,878 INFO: [PREPARE] Preparing session for camera 439
2024-09-02 13:45:31,879 INFO: [216] Obtained session ID: 2hrtcfkb5tix5sqscsrzbooc
2024-09-02 13:45:31,913 INFO: [216] Playing video for session ID: 2hrtcfkb5tix5sqscsrzbooc
2024-09-02 13:45:31,913 INFO: [PREPARE] Session ready for camera 216
2024-09-02 13:45:31,914 INFO: [PREPARE] Preparing session for camera 479
2024-09-02 13:45:31,992 INFO: [214] Obtained session ID: pu01nxk0s4tskrbx3u1bvwsw
2024-09-02 13:45:32,142 INFO: [214] Playing video for session ID: pu01nxk0s4tskrbx3u1bvwsw
2024-09-02 13:45:32,142 INFO: [PREPARE] Session ready for camera 214
2024-09-02 13:45:32,143 INFO: [PREPARE] Preparing session for camera 481
2024-09-02 13:45:32,179 INFO: [208] Obtained session ID: oio3wzy5xbnqdb2pmoiio0kj
2024-09-02 13:45:32,336 INFO: [208] Playing video for session ID: oio3wzy5xbnqdb2pmoiio0kj
2024-09-02 13:45:32,336 INFO: [PREPARE] Session ready for camera 208
2024-09-02 13:45:32,336 INFO: [PREPARE] Preparing session for camera 493
2024-09-02 13:45:32,570 INFO: [221] Obtained session ID: 23ddzkex2d1a0rjfkbnnpqoj
2024-09-02 13:45:32,610 INFO: [221] Playing video for session ID: 23ddzkex2d1a0rjfkbnnpqoj
2024-09-02 13:45:32,610 INFO: [PREPARE] Session ready for camera 221
2024-09-02 13:45:32,611 INFO: [PREPARE] Preparing session for camera 500
2024-09-02 13:45:32,816 INFO: [199] Obtained session ID: rlkop0vfu3pfpsfz0bhrr1t2
2024-09-02 13:45:32,880 INFO: [199] Playing video for session ID: rlkop0vfu3pfpsfz0bhrr1t2
2024-09-02 13:45:32,881 INFO: [PREPARE] Session ready for camera 199
2024-09-02 13:45:32,881 INFO: [PREPARE] Preparing session for camera 506
2024-09-02 13:45:34,057 INFO: [177] Obtained session ID: dhtheiyexdzquzgvf2getex2
2024-09-02 13:45:34,088 INFO: [177] Playing video for session ID: dhtheiyexdzquzgvf2getex2
2024-09-02 13:45:34,088 INFO: [PREPARE] Session ready for camera 177
2024-09-02 13:45:34,089 INFO: [PREPARE] Preparing session for camera 526
2024-09-02 13:45:34,253 INFO: [173] Obtained session ID: uwzwdetkdnkawkyqx0b2moo1
2024-09-02 13:45:34,274 INFO: [173] Playing video for session ID: uwzwdetkdnkawkyqx0b2moo1
2024-09-02 13:45:34,275 INFO: [PREPARE] Session ready for camera 173
2024-09-02 13:45:34,275 INFO: [PREPARE] Preparing session for camera 527
2024-09-02 13:45:34,338 INFO: [256] Obtained session ID: cxdihbjubhupyq1hs13sron2
2024-09-02 13:45:34,369 INFO: [256] Playing video for session ID: cxdihbjubhupyq1hs13sron2
2024-09-02 13:45:34,369 INFO: [PREPARE] Session ready for camera 256
2024-09-02 13:45:34,370 INFO: [PREPARE] Preparing session for camera 535
2024-09-02 13:45:34,496 INFO: [171] Obtained session ID: hihwdx3vspz0r1teob511ecs
2024-09-02 13:45:34,540 INFO: [171] Playing video for session ID: hihwdx3vspz0r1teob511ecs
2024-09-02 13:45:34,540 INFO: [PREPARE] Session ready for camera 171
2024-09-02 13:45:34,542 INFO: [PREPARE] Preparing session for camera 536
2024-09-02 13:45:34,689 INFO: [211] Obtained session ID: vddnmnbnl5qjanosur3tkpl3
2024-09-02 13:45:34,731 INFO: [211] Playing video for session ID: vddnmnbnl5qjanosur3tkpl3
2024-09-02 13:45:34,731 INFO: [PREPARE] Session ready for camera 211
2024-09-02 13:45:34,731 INFO: [PREPARE] Preparing session for camera 542
2024-09-02 13:45:34,933 INFO: [191] Obtained session ID: jhl1jsugmiax5tncviznvjfu
2024-09-02 13:45:34,964 INFO: [191] Playing video for session ID: jhl1jsugmiax5tncviznvjfu
2024-09-02 13:45:34,965 INFO: [PREPARE] Session ready for camera 191
2024-09-02 13:45:34,965 INFO: [PREPARE] Preparing session for camera 546
2024-09-02 13:45:35,020 INFO: [215] Obtained session ID: xf5itz5od54c3kthpphb2zjb
2024-09-02 13:45:35,043 INFO: [215] Playing video for session ID: xf5itz5od54c3kthpphb2zjb
2024-09-02 13:45:35,043 INFO: [PREPARE] Session ready for camera 215
2024-09-02 13:45:35,044 INFO: [PREPARE] Preparing session for camera 556
2024-09-02 13:45:35,306 INFO: [203] Obtained session ID: hprw0cbpqslou202u2zmb5ps
2024-09-02 13:45:35,337 INFO: [203] Playing video for session ID: hprw0cbpqslou202u2zmb5ps
2024-09-02 13:45:35,337 INFO: [PREPARE] Session ready for camera 203
2024-09-02 13:45:35,338 INFO: [PREPARE] Preparing session for camera 562
2024-09-02 13:45:35,983 INFO: [188] Obtained session ID: 5v4rnwpgb3j3bfuta4ipddph
2024-09-02 13:45:36,022 INFO: [188] Playing video for session ID: 5v4rnwpgb3j3bfuta4ipddph
2024-09-02 13:45:36,023 INFO: [PREPARE] Session ready for camera 188
2024-09-02 13:45:36,024 INFO: [PREPARE] Preparing session for camera 569
2024-09-02 13:45:36,949 INFO: [182] Obtained session ID: rvfftfqrfwphivvlg2gcizl4
2024-09-02 13:45:36,970 INFO: [182] Playing video for session ID: rvfftfqrfwphivvlg2gcizl4
2024-09-02 13:45:36,970 INFO: [PREPARE] Session ready for camera 182
2024-09-02 13:45:36,970 INFO: [PREPARE] Preparing session for camera 572
2024-09-02 13:45:37,017 INFO: [240] Obtained session ID: jhrwlqxg2agdgkxxtbhla5uo
2024-09-02 13:45:37,038 INFO: [240] Playing video for session ID: jhrwlqxg2agdgkxxtbhla5uo
2024-09-02 13:45:37,038 INFO: [PREPARE] Session ready for camera 240
2024-09-02 13:45:37,038 INFO: [PREPARE] Preparing session for camera 576
2024-09-02 13:45:37,398 INFO: [223] Obtained session ID: rxhk4pfwiyyqs3ztyqqb3pbo
2024-09-02 13:45:37,438 INFO: [223] Playing video for session ID: rxhk4pfwiyyqs3ztyqqb3pbo
2024-09-02 13:45:37,438 INFO: [PREPARE] Session ready for camera 223
2024-09-02 13:45:37,439 INFO: [PREPARE] Preparing session for camera 584
2024-09-02 13:45:37,506 INFO: [224] Obtained session ID: aiiryqo5g5fevestcgbuojsc
2024-09-02 13:45:37,507 INFO: [186] Obtained session ID: kl4dtakqiciocjoxwvux33ld
2024-09-02 13:45:37,528 INFO: [186] Playing video for session ID: kl4dtakqiciocjoxwvux33ld
2024-09-02 13:45:37,528 INFO: [224] Playing video for session ID: aiiryqo5g5fevestcgbuojsc
2024-09-02 13:45:37,528 INFO: [PREPARE] Session ready for camera 186
2024-09-02 13:45:37,529 INFO: [PREPARE] Session ready for camera 224
2024-09-02 13:45:37,529 INFO: [PREPARE] Preparing session for camera 595
2024-09-02 13:45:37,529 INFO: [PREPARE] Preparing session for camera 597
2024-09-02 13:45:37,568 INFO: [220] Obtained session ID: n4upgfgesribkmdjhcvhs2xl
2024-09-02 13:45:37,609 INFO: [220] Playing video for session ID: n4upgfgesribkmdjhcvhs2xl
2024-09-02 13:45:37,609 INFO: [PREPARE] Session ready for camera 220
2024-09-02 13:45:37,610 INFO: [PREPARE] Preparing session for camera 603
2024-09-02 13:45:37,710 INFO: [185] Obtained session ID: md04asjw0ca0iyx2vq2wx4og
2024-09-02 13:45:37,744 INFO: [185] Playing video for session ID: md04asjw0ca0iyx2vq2wx4og
2024-09-02 13:45:37,744 INFO: [PREPARE] Session ready for camera 185
2024-09-02 13:45:37,745 INFO: [PREPARE] Preparing session for camera 604
2024-09-02 13:45:37,804 INFO: [155] Obtained session ID: uhweije3ggu4k3d4yooudrti
2024-09-02 13:45:37,846 INFO: [155] Playing video for session ID: uhweije3ggu4k3d4yooudrti
2024-09-02 13:45:37,847 INFO: [PREPARE] Session ready for camera 155
2024-09-02 13:45:37,847 INFO: [PREPARE] Preparing session for camera 609
2024-09-02 13:45:37,894 INFO: [217] Obtained session ID: jq401ucyitcxmosypdnnqt4s
2024-09-02 13:45:37,925 INFO: [217] Playing video for session ID: jq401ucyitcxmosypdnnqt4s
2024-09-02 13:45:37,925 INFO: [PREPARE] Session ready for camera 217
2024-09-02 13:45:37,926 INFO: [PREPARE] Preparing session for camera 610
2024-09-02 13:45:38,319 INFO: [225] Obtained session ID: vh1nbiaaq03dafksayqucfik
2024-09-02 13:45:38,322 INFO: [190] Obtained session ID: rwsb4zflqfbz3v5a5tygf2qz
2024-09-02 13:45:38,394 INFO: [207] Obtained session ID: dat2ctm2gvpho1jzksak3tbz
2024-09-02 13:45:38,399 INFO: [251] Obtained session ID: tx24wwkj5m4151qucmpdynsd
2024-09-02 13:45:38,441 INFO: [232] Obtained session ID: wre5cn3uy0ez25hpve1s2ea5
2024-09-02 13:45:38,560 INFO: [170] Obtained session ID: ekj40jlkdimkny1h0fex5hd1
2024-09-02 13:45:39,035 INFO: [207] Playing video for session ID: dat2ctm2gvpho1jzksak3tbz
2024-09-02 13:45:39,035 INFO: [170] Playing video for session ID: ekj40jlkdimkny1h0fex5hd1
2024-09-02 13:45:39,035 INFO: [PREPARE] Session ready for camera 207
2024-09-02 13:45:39,036 INFO: [PREPARE] Session ready for camera 170
2024-09-02 13:45:39,036 INFO: [PREPARE] Preparing session for camera 612
2024-09-02 13:45:39,036 INFO: [PREPARE] Preparing session for camera 613
2024-09-02 13:45:39,049 INFO: [190] Playing video for session ID: rwsb4zflqfbz3v5a5tygf2qz
2024-09-02 13:45:39,050 INFO: [225] Playing video for session ID: vh1nbiaaq03dafksayqucfik
2024-09-02 13:45:39,050 INFO: [PREPARE] Session ready for camera 190
2024-09-02 13:45:39,050 INFO: [PREPARE] Session ready for camera 225
2024-09-02 13:45:39,050 INFO: [PREPARE] Preparing session for camera 615
2024-09-02 13:45:39,051 INFO: [251] Playing video for session ID: tx24wwkj5m4151qucmpdynsd
2024-09-02 13:45:39,051 INFO: [PREPARE] Preparing session for camera 616
2024-09-02 13:45:39,051 INFO: [PREPARE] Session ready for camera 251
2024-09-02 13:45:39,053 INFO: [PREPARE] Preparing session for camera 619
2024-09-02 13:45:39,057 INFO: [232] Playing video for session ID: wre5cn3uy0ez25hpve1s2ea5
2024-09-02 13:45:39,057 INFO: [PREPARE] Session ready for camera 232
2024-09-02 13:45:39,057 INFO: [PREPARE] Preparing session for camera 622
2024-09-02 13:45:39,187 INFO: [202] Obtained session ID: tqsfhp4rt110p3sdagb0eekt
2024-09-02 13:45:39,210 INFO: [202] Playing video for session ID: tqsfhp4rt110p3sdagb0eekt
2024-09-02 13:45:39,210 INFO: [PREPARE] Session ready for camera 202
2024-09-02 13:45:39,210 INFO: [PREPARE] Preparing session for camera 623
2024-09-02 13:45:39,254 INFO: [231] Obtained session ID: wzqgkpusttgt0vziq4ibgk5r
2024-09-02 13:45:39,257 INFO: [250] Obtained session ID: 3uliroqyygawpbu0sjtqmw02
2024-09-02 13:45:39,301 INFO: [231] Playing video for session ID: wzqgkpusttgt0vziq4ibgk5r
2024-09-02 13:45:39,302 INFO: [PREPARE] Session ready for camera 231
2024-09-02 13:45:39,302 INFO: [PREPARE] Preparing session for camera 630
2024-09-02 13:45:39,354 INFO: [250] Playing video for session ID: 3uliroqyygawpbu0sjtqmw02
2024-09-02 13:45:39,354 INFO: [PREPARE] Session ready for camera 250
2024-09-02 13:45:39,355 INFO: [PREPARE] Preparing session for camera 639
2024-09-02 13:45:39,461 INFO: [195] Obtained session ID: mxn0velqnzerxufleubl4zog
2024-09-02 13:45:39,534 INFO: [195] Playing video for session ID: mxn0velqnzerxufleubl4zog
2024-09-02 13:45:39,535 INFO: [194] Obtained session ID: 34ntvfuogugigxarkqi2y4jo
2024-09-02 13:45:39,535 INFO: [PREPARE] Session ready for camera 195
2024-09-02 13:45:39,536 INFO: [PREPARE] Preparing session for camera 642
2024-09-02 13:45:39,592 INFO: [226] Obtained session ID: 4aobblwz11pjcq2sg4ggohl5
2024-09-02 13:45:39,604 INFO: [258] Obtained session ID: hlxb5ljxbayklq4o1xjfvq4g
2024-09-02 13:45:39,618 INFO: [244] Obtained session ID: z3pzrncyl3j4zfax55yvxesc
2024-09-02 13:45:39,694 INFO: [248] Obtained session ID: 4mkxmwd2qyuathczs0axj0zq
2024-09-02 13:45:39,700 INFO: [194] Playing video for session ID: 34ntvfuogugigxarkqi2y4jo
2024-09-02 13:45:39,700 INFO: [PREPARE] Session ready for camera 194
2024-09-02 13:45:39,701 INFO: [PREPARE] Preparing session for camera 648
2024-09-02 13:45:39,717 INFO: [254] Obtained session ID: kra011dstl20rqylqazu2tgq
2024-09-02 13:45:39,767 INFO: [226] Playing video for session ID: 4aobblwz11pjcq2sg4ggohl5
2024-09-02 13:45:39,767 INFO: [PREPARE] Session ready for camera 226
2024-09-02 13:45:39,767 INFO: [PREPARE] Preparing session for camera 907
2024-09-02 13:45:39,776 INFO: [258] Playing video for session ID: hlxb5ljxbayklq4o1xjfvq4g
2024-09-02 13:45:39,776 INFO: [PREPARE] Session ready for camera 258
2024-09-02 13:45:39,776 INFO: [PREPARE] Preparing session for camera 913
2024-09-02 13:45:39,782 INFO: [244] Playing video for session ID: z3pzrncyl3j4zfax55yvxesc
2024-09-02 13:45:39,782 INFO: [PREPARE] Session ready for camera 244
2024-09-02 13:45:39,783 INFO: [PREPARE] Preparing session for camera 915
2024-09-02 13:45:39,830 INFO: [248] Playing video for session ID: 4mkxmwd2qyuathczs0axj0zq
2024-09-02 13:45:39,830 INFO: [PREPARE] Session ready for camera 248
2024-09-02 13:45:39,831 INFO: [PREPARE] Preparing session for camera 924
2024-09-02 13:45:39,890 INFO: [254] Playing video for session ID: kra011dstl20rqylqazu2tgq
2024-09-02 13:45:39,890 INFO: [PREPARE] Session ready for camera 254
2024-09-02 13:45:39,891 INFO: [PREPARE] Preparing session for camera 939
2024-09-02 13:45:39,908 INFO: [159] Obtained session ID: v5dztsl0vok33viqhsdfwjgf
2024-09-02 13:45:39,934 INFO: [198] Obtained session ID: 4ke5vcgu4b3gfq33whi5ih54
2024-09-02 13:45:40,024 INFO: [181] Obtained session ID: lw053sy5tb5ytvewmugs0ggq
2024-09-02 13:45:40,058 INFO: [159] Playing video for session ID: v5dztsl0vok33viqhsdfwjgf
2024-09-02 13:45:40,058 INFO: [PREPARE] Session ready for camera 159
2024-09-02 13:45:40,059 INFO: [PREPARE] Preparing session for camera 942
2024-09-02 13:45:40,071 INFO: [198] Playing video for session ID: 4ke5vcgu4b3gfq33whi5ih54
2024-09-02 13:45:40,071 INFO: [PREPARE] Session ready for camera 198
2024-09-02 13:45:40,071 INFO: [PREPARE] Preparing session for camera 947
2024-09-02 13:45:40,085 INFO: [181] Playing video for session ID: lw053sy5tb5ytvewmugs0ggq
2024-09-02 13:45:40,085 INFO: [PREPARE] Session ready for camera 181
2024-09-02 13:45:40,085 INFO: [PREPARE] Preparing session for camera 953
2024-09-02 13:45:40,098 INFO: [196] Obtained session ID: g5vat0o0ewc5mpzax2pfxwd5
2024-09-02 13:45:40,120 INFO: [218] Obtained session ID: vtfplsrf5n3x5wwtrvfkebkr
2024-09-02 13:45:40,153 INFO: [196] Playing video for session ID: g5vat0o0ewc5mpzax2pfxwd5
2024-09-02 13:45:40,153 INFO: [PREPARE] Session ready for camera 196
2024-09-02 13:45:40,154 INFO: [PREPARE] Preparing session for camera 962
2024-09-02 13:45:40,156 INFO: [239] Obtained session ID: ipf2nmd2cok4ea5urepnnod3
2024-09-02 13:45:40,159 INFO: [218] Playing video for session ID: vtfplsrf5n3x5wwtrvfkebkr
2024-09-02 13:45:40,159 INFO: [PREPARE] Session ready for camera 218
2024-09-02 13:45:40,160 INFO: [PREPARE] Preparing session for camera 968
2024-09-02 13:45:40,189 INFO: [239] Playing video for session ID: ipf2nmd2cok4ea5urepnnod3
2024-09-02 13:45:40,190 INFO: [PREPARE] Session ready for camera 239
2024-09-02 13:45:40,190 INFO: [PREPARE] Preparing session for camera 971
2024-09-02 13:45:40,199 INFO: [253] Obtained session ID: rcughfnbajyz1ithlskiuwav
2024-09-02 13:45:40,237 INFO: [253] Playing video for session ID: rcughfnbajyz1ithlskiuwav
2024-09-02 13:45:40,239 INFO: [PREPARE] Session ready for camera 253
2024-09-02 13:45:40,239 INFO: [PREPARE] Preparing session for camera 991
2024-09-02 13:45:40,282 INFO: [212] Obtained session ID: kvvdqttbworvtpb5qx01b5jf
2024-09-02 13:45:40,329 INFO: [184] Obtained session ID: ycftggygoczzaaxbfmepsqlv
2024-09-02 13:45:40,355 INFO: [197] Obtained session ID: n0jcdn154speqmfb02brknpd
2024-09-02 13:45:40,485 INFO: [197] Playing video for session ID: n0jcdn154speqmfb02brknpd
2024-09-02 13:45:40,485 INFO: [212] Playing video for session ID: kvvdqttbworvtpb5qx01b5jf
2024-09-02 13:45:40,487 INFO: [184] Playing video for session ID: ycftggygoczzaaxbfmepsqlv
2024-09-02 13:45:40,487 INFO: [PREPARE] Session ready for camera 197
2024-09-02 13:45:40,487 INFO: [PREPARE] Session ready for camera 212
2024-09-02 13:45:40,487 INFO: [PREPARE] Session ready for camera 184
2024-09-02 13:45:40,487 INFO: [PREPARE] Preparing session for camera 996
2024-09-02 13:45:40,488 INFO: [PREPARE] Preparing session for camera 997
2024-09-02 13:45:40,488 INFO: [PREPARE] Preparing session for camera 999
2024-09-02 13:45:40,819 INFO: [257] Obtained session ID: haxe201ly2c4d54d5g1ygiij
2024-09-02 13:45:40,895 INFO: [252] Obtained session ID: nswisbbcav1jx40k5snn2sck
2024-09-02 13:45:40,958 INFO: [252] Playing video for session ID: nswisbbcav1jx40k5snn2sck
2024-09-02 13:45:40,959 INFO: [PREPARE] Session ready for camera 252
2024-09-02 13:45:40,959 INFO: [PREPARE] Preparing session for camera 1027
2024-09-02 13:45:41,251 INFO: [257] Playing video for session ID: haxe201ly2c4d54d5g1ygiij
2024-09-02 13:45:41,251 INFO: [PREPARE] Session ready for camera 257
2024-09-02 13:45:41,252 INFO: [PREPARE] Preparing session for camera 1028
2024-09-02 13:45:41,795 INFO: [255] Obtained session ID: 5odxmfm11v2oy32kwc4uud0o
2024-09-02 13:45:41,837 INFO: [255] Playing video for session ID: 5odxmfm11v2oy32kwc4uud0o
2024-09-02 13:45:41,837 INFO: [PREPARE] Session ready for camera 255
2024-09-02 13:45:41,838 INFO: [PREPARE] Preparing session for camera 1037
2024-09-02 13:45:42,056 INFO: [227] Obtained session ID: m0nmuywvxynm3lgsp2ga0z5k
2024-09-02 13:45:42,100 INFO: [227] Playing video for session ID: m0nmuywvxynm3lgsp2ga0z5k
2024-09-02 13:45:42,100 INFO: [PREPARE] Session ready for camera 227
2024-09-02 13:45:42,101 INFO: [PREPARE] Preparing session for camera 1038
2024-09-02 13:45:42,255 INFO: [230] Obtained session ID: 3tof5obl1typpxxucsoy3d4v
2024-09-02 13:45:42,284 INFO: [230] Playing video for session ID: 3tof5obl1typpxxucsoy3d4v
2024-09-02 13:45:42,284 INFO: [PREPARE] Session ready for camera 230
2024-09-02 13:45:42,285 INFO: [PREPARE] Preparing session for camera 1043
2024-09-02 13:45:42,345 INFO: [259] Obtained session ID: m5o3b0kun5lfvhdkmkb1vyuv
2024-09-02 13:45:42,369 INFO: [222] Obtained session ID: xw21if1p3urrfx31fvfpttt0
2024-09-02 13:45:42,393 INFO: [259] Playing video for session ID: m5o3b0kun5lfvhdkmkb1vyuv
2024-09-02 13:45:42,393 INFO: [PREPARE] Session ready for camera 259
2024-09-02 13:45:42,393 INFO: [PREPARE] Preparing session for camera 1051
2024-09-02 13:45:42,438 INFO: [222] Playing video for session ID: xw21if1p3urrfx31fvfpttt0
2024-09-02 13:45:42,438 INFO: [PREPARE] Session ready for camera 222
2024-09-02 13:45:42,439 INFO: [PREPARE] Preparing session for camera 1053
2024-09-02 13:45:42,528 INFO: [291] Obtained session ID: dxw4pbdtrnecvuvay0rx3wse
2024-09-02 13:45:42,567 INFO: [291] Playing video for session ID: dxw4pbdtrnecvuvay0rx3wse
2024-09-02 13:45:42,568 INFO: [PREPARE] Session ready for camera 291
2024-09-02 13:45:42,568 INFO: [PREPARE] Preparing session for camera 1058
2024-09-02 13:45:43,318 INFO: [301] Obtained session ID: uzv4xx0pursslolcltdtxwar
2024-09-02 13:45:43,360 INFO: [301] Playing video for session ID: uzv4xx0pursslolcltdtxwar
2024-09-02 13:45:43,360 INFO: [PREPARE] Session ready for camera 301
2024-09-02 13:45:43,361 INFO: [PREPARE] Preparing session for camera 1060
2024-09-02 13:45:43,812 INFO: [277] Obtained session ID: md5md3w1vcwpgbhv2ffk1asc
2024-09-02 13:45:43,856 INFO: [277] Playing video for session ID: md5md3w1vcwpgbhv2ffk1asc
2024-09-02 13:45:43,857 INFO: [PREPARE] Session ready for camera 277
2024-09-02 13:45:43,857 INFO: [PREPARE] Preparing session for camera 1061
2024-09-02 13:45:45,308 INFO: [320] Obtained session ID: z5dner3fkxas3wt2atsuaafx
2024-09-02 13:45:45,341 INFO: [320] Playing video for session ID: z5dner3fkxas3wt2atsuaafx
2024-09-02 13:45:45,341 INFO: [PREPARE] Session ready for camera 320
2024-09-02 13:45:45,342 INFO: [PREPARE] Preparing session for camera 1063
2024-09-02 13:45:45,974 INFO: [304] Obtained session ID: nfw5ecwfkurtuyyjku01b4fy
2024-09-02 13:45:46,010 INFO: [304] Playing video for session ID: nfw5ecwfkurtuyyjku01b4fy
2024-09-02 13:45:46,010 INFO: [PREPARE] Session ready for camera 304
2024-09-02 13:45:46,012 INFO: [PREPARE] Preparing session for camera 1064
2024-09-02 13:45:47,189 INFO: [305] Obtained session ID: 2k33dirc500wklfqtjsj0ffm
2024-09-02 13:45:47,252 INFO: [305] Playing video for session ID: 2k33dirc500wklfqtjsj0ffm
2024-09-02 13:45:47,252 INFO: [PREPARE] Session ready for camera 305
2024-09-02 13:45:47,252 INFO: [PREPARE] Preparing session for camera 1065
2024-09-02 13:45:47,260 INFO: [374] Obtained session ID: afemkoegtadxuwxggd3ufih2
2024-09-02 13:45:47,305 INFO: [374] Playing video for session ID: afemkoegtadxuwxggd3ufih2
2024-09-02 13:45:47,306 INFO: [PREPARE] Session ready for camera 374
2024-09-02 13:45:47,306 INFO: [PREPARE] Preparing session for camera 1066
2024-09-02 13:45:47,455 INFO: [332] Obtained session ID: 1pxspn2yrd1rzn2ex0q5oc2w
2024-09-02 13:45:47,490 INFO: [310] Obtained session ID: vdjrorcfy0zdqtnhwgmat2r0
2024-09-02 13:45:47,510 INFO: [332] Playing video for session ID: 1pxspn2yrd1rzn2ex0q5oc2w
2024-09-02 13:45:47,510 INFO: [PREPARE] Session ready for camera 332
2024-09-02 13:45:47,512 INFO: [PREPARE] Preparing session for camera 1067
2024-09-02 13:45:47,545 INFO: [310] Playing video for session ID: vdjrorcfy0zdqtnhwgmat2r0
2024-09-02 13:45:47,545 INFO: [PREPARE] Session ready for camera 310
2024-09-02 13:45:47,545 INFO: [PREPARE] Preparing session for camera 1068
2024-09-02 13:45:47,676 INFO: [500] Obtained session ID: ojcqdyperhm53kd0kykufoeh
2024-09-02 13:45:47,854 INFO: [500] Playing video for session ID: ojcqdyperhm53kd0kykufoeh
2024-09-02 13:45:47,854 INFO: [PREPARE] Session ready for camera 500
2024-09-02 13:45:47,854 INFO: [PREPARE] Preparing session for camera 1069
