2024-09-05 08:16:05,026 INFO: [MAIN] Logging setup completed!
2024-09-05 08:16:05,027 INFO: [INFO] Initializing all session IDs.
2024-09-05 08:16:05,027 INFO: [PREPARE] Preparing session for camera 7
2024-09-05 08:16:05,028 INFO: [PREPARE] Preparing session for camera 11
2024-09-05 08:16:05,028 INFO: [PREPARE] Preparing session for camera 39
2024-09-05 08:16:05,029 INFO: [PREPARE] Preparing session for camera 77
2024-09-05 08:16:05,030 INFO: [PREPARE] Preparing session for camera 83
2024-09-05 08:16:05,032 INFO: [PREPARE] Preparing session for camera 572
2024-09-05 08:16:12,097 INFO: [77] Obtained session ID: hzsgy1h5vyvn3avgcr3p2klx
2024-09-05 08:16:12,235 INFO: [77] Playing video for session ID: hzsgy1h5vyvn3avgcr3p2klx
2024-09-05 08:16:12,235 INFO: [PREPARE] Session ready for camera 77
2024-09-05 08:16:12,324 INFO: [11] Obtained session ID: y0adbhsa0sbakyxcxpwcoeib
2024-09-05 08:16:12,348 INFO: [572] Obtained session ID: na05po15rfankfvtgfw0j3is
2024-09-05 08:16:12,454 INFO: [39] Obtained session ID: 252hsvzfwsy1gn44qilesdin
2024-09-05 08:16:12,460 INFO: [83] Obtained session ID: lvztojkyf1pucgawsz1t1vsr
2024-09-05 08:16:12,475 INFO: [11] Playing video for session ID: y0adbhsa0sbakyxcxpwcoeib
2024-09-05 08:16:12,475 INFO: [PREPARE] Session ready for camera 11
2024-09-05 08:16:12,477 INFO: [572] Playing video for session ID: na05po15rfankfvtgfw0j3is
2024-09-05 08:16:12,477 INFO: [PREPARE] Session ready for camera 572
2024-09-05 08:16:12,563 INFO: [7] Obtained session ID: yejqhfrhtadettmj543nqvos
2024-09-05 08:16:12,587 INFO: [39] Playing video for session ID: 252hsvzfwsy1gn44qilesdin
2024-09-05 08:16:12,588 INFO: [PREPARE] Session ready for camera 39
2024-09-05 08:16:12,625 INFO: [83] Playing video for session ID: lvztojkyf1pucgawsz1t1vsr
2024-09-05 08:16:12,625 INFO: [PREPARE] Session ready for camera 83
2024-09-05 08:16:12,694 INFO: [7] Playing video for session ID: yejqhfrhtadettmj543nqvos
2024-09-05 08:16:12,694 INFO: [PREPARE] Session ready for camera 7
2024-09-05 08:16:12,694 INFO: [INFO] Total number of scraped CCTVs: 6
2024-09-05 08:16:12,694 INFO: [INFO] Successfully processed 6 CCTVs out of 6.
2024-09-05 08:16:12,695 INFO: [INFO] JSON data has been written to ./cctvSessionTemp/cctv_sessions_2024-09-05_08-16-12.json
2024-09-05 08:16:12,695 INFO: [INFO] All session IDs have been successfully prepared and saved.


