2024-09-04 22:15:01,242 INFO: [MAIN] Logging setup completed!
2024-09-04 22:15:01,242 INFO: [INFO] Initializing all session IDs.
2024-09-04 22:15:01,243 INFO: [PREPARE] Preparing session for camera 7
2024-09-04 22:15:01,244 INFO: [PREPARE] Preparing session for camera 11
2024-09-04 22:15:01,246 INFO: [PREPARE] Preparing session for camera 39
2024-09-04 22:15:01,247 INFO: [PREPARE] Preparing session for camera 77
2024-09-04 22:15:01,248 INFO: [PREPARE] Preparing session for camera 83
2024-09-04 22:15:01,249 INFO: [PREPARE] Preparing session for camera 572
2024-09-04 22:15:09,247 INFO: [39] Obtained session ID: oojv0x3l3be5apoda4kreehy
2024-09-04 22:15:09,279 INFO: [7] Obtained session ID: 4xa3f1yv3b3k4saeu223iims
2024-09-04 22:15:09,345 INFO: [77] Obtained session ID: 54qoxmgdmtlabmz5jxw1sbbe
2024-09-04 22:15:09,418 INFO: [7] Playing video for session ID: 4xa3f1yv3b3k4saeu223iims
2024-09-04 22:15:09,418 INFO: [PREPARE] Session ready for camera 7
2024-09-04 22:15:09,420 INFO: [11] Obtained session ID: tap1vdfevgrdrhjgd2swj1mr
2024-09-04 22:15:09,447 INFO: [39] Playing video for session ID: oojv0x3l3be5apoda4kreehy
2024-09-04 22:15:09,447 INFO: [PREPARE] Session ready for camera 39
2024-09-04 22:15:09,450 INFO: [83] Obtained session ID: ou422frnbnwdo3fvhygknfve
2024-09-04 22:15:09,479 INFO: [572] Obtained session ID: a0cbooysr5dwy41vl0w2xscw
2024-09-04 22:15:09,539 INFO: [11] Playing video for session ID: tap1vdfevgrdrhjgd2swj1mr
2024-09-04 22:15:09,539 INFO: [PREPARE] Session ready for camera 11
2024-09-04 22:15:09,540 INFO: [77] Playing video for session ID: 54qoxmgdmtlabmz5jxw1sbbe
2024-09-04 22:15:09,541 INFO: [PREPARE] Session ready for camera 77
2024-09-04 22:15:09,603 INFO: [83] Playing video for session ID: ou422frnbnwdo3fvhygknfve
2024-09-04 22:15:09,603 INFO: [PREPARE] Session ready for camera 83
2024-09-04 22:15:09,603 INFO: [572] Playing video for session ID: a0cbooysr5dwy41vl0w2xscw
2024-09-04 22:15:09,603 INFO: [PREPARE] Session ready for camera 572
2024-09-04 22:15:09,603 INFO: [INFO] Total number of scraped CCTVs: 6
2024-09-04 22:15:09,604 INFO: [INFO] Successfully processed 6 CCTVs out of 6.
2024-09-04 22:15:09,605 INFO: [INFO] JSON data has been written to ./cctvSessionTemp/cctv_sessions_2024-09-04_22-15-09.json
2024-09-04 22:15:09,606 INFO: [INFO] All session IDs have been successfully prepared and saved.


