2024-09-03 13:48:32,195 INFO: [MAIN] Logging setup completed!
2024-09-03 13:48:32,195 INFO: [INFO] Initializing all session IDs.
2024-09-03 13:48:32,195 INFO: [PREPARE] Preparing session for camera 7
2024-09-03 13:48:32,196 INFO: [PREPARE] Preparing session for camera 11
2024-09-03 13:48:32,196 INFO: [PREPARE] Preparing session for camera 39
2024-09-03 13:48:32,197 INFO: [PREPARE] Preparing session for camera 77
2024-09-03 13:48:32,199 INFO: [PREPARE] Preparing session for camera 83
2024-09-03 13:48:32,200 INFO: [PREPARE] Preparing session for camera 572
2024-09-03 13:48:36,758 INFO: [39] Obtained session ID: dp1ru44yfjqpoxbnbuceqdac
2024-09-03 13:48:36,808 INFO: [39] Playing video for session ID: dp1ru44yfjqpoxbnbuceqdac
2024-09-03 13:48:36,808 INFO: [PREPARE] Session ready for camera 39
2024-09-03 13:48:37,364 INFO: [11] Obtained session ID: xfcymjxrmcluwy5idcijj14n
2024-09-03 13:48:37,405 INFO: [11] Playing video for session ID: xfcymjxrmcluwy5idcijj14n
2024-09-03 13:48:37,406 INFO: [PREPARE] Session ready for camera 11
2024-09-03 13:48:37,412 INFO: [77] Obtained session ID: di1gnzx5c1xblo5hbz2xwhpx
2024-09-03 13:48:37,419 INFO: [7] Obtained session ID: j44i0bramagb1b2rmtk5may5
2024-09-03 13:48:37,425 INFO: [572] Obtained session ID: yagob0l5g5eauw13tg2udwke
2024-09-03 13:48:37,454 INFO: [77] Playing video for session ID: di1gnzx5c1xblo5hbz2xwhpx
2024-09-03 13:48:37,454 INFO: [7] Playing video for session ID: j44i0bramagb1b2rmtk5may5
2024-09-03 13:48:37,454 INFO: [PREPARE] Session ready for camera 77
2024-09-03 13:48:37,454 INFO: [PREPARE] Session ready for camera 7
2024-09-03 13:48:37,467 INFO: [572] Playing video for session ID: yagob0l5g5eauw13tg2udwke
2024-09-03 13:48:37,467 INFO: [PREPARE] Session ready for camera 572
2024-09-03 13:48:37,478 INFO: [83] Obtained session ID: akk1fvcfpbahgetv0nb2501r
2024-09-03 13:48:37,514 INFO: [83] Playing video for session ID: akk1fvcfpbahgetv0nb2501r
2024-09-03 13:48:37,514 INFO: [PREPARE] Session ready for camera 83
2024-09-03 13:48:37,514 INFO: [INFO] Total number of scraped CCTVs: 6
2024-09-03 13:48:37,514 INFO: [INFO] Successfully processed 6 CCTVs out of 6.
2024-09-03 13:48:37,517 INFO: [INFO] JSON data has been written to ./cctvSessionTemp/cctv_sessions_2024-09-03_13-48-37.json
2024-09-03 13:48:37,517 INFO: [INFO] All session IDs have been successfully prepared and saved.


