2024-09-04 15:45:01,474 INFO: [MAIN] Logging setup completed!
2024-09-04 15:45:01,474 INFO: [INFO] Initializing all session IDs.
2024-09-04 15:45:01,474 INFO: [PREPARE] Preparing session for camera 7
2024-09-04 15:45:01,475 INFO: [PREPARE] Preparing session for camera 11
2024-09-04 15:45:01,475 INFO: [PREPARE] Preparing session for camera 39
2024-09-04 15:45:01,475 INFO: [PREPARE] Preparing session for camera 77
2024-09-04 15:45:01,476 INFO: [PREPARE] Preparing session for camera 83
2024-09-04 15:45:01,478 INFO: [PREPARE] Preparing session for camera 572
2024-09-04 15:45:07,050 INFO: [7] Obtained session ID: 1bnjpdgohptrjw5xc1gicklh
2024-09-04 15:45:07,092 INFO: [7] Playing video for session ID: 1bnjpdgohptrjw5xc1gicklh
2024-09-04 15:45:07,092 INFO: [PREPARE] Session ready for camera 7
2024-09-04 15:45:07,593 INFO: [572] Obtained session ID: hirieaohfb0hld02zhnzqd2b
2024-09-04 15:45:07,621 INFO: [572] Playing video for session ID: hirieaohfb0hld02zhnzqd2b
2024-09-04 15:45:07,622 INFO: [PREPARE] Session ready for camera 572
2024-09-04 15:45:07,647 INFO: [83] Obtained session ID: 0xubgf2i4dkdnfb4eauef1s3
2024-09-04 15:45:07,675 INFO: [83] Playing video for session ID: 0xubgf2i4dkdnfb4eauef1s3
2024-09-04 15:45:07,675 INFO: [PREPARE] Session ready for camera 83
2024-09-04 15:45:07,857 INFO: [11] Obtained session ID: inddupc1grypew2gdwx1k1bo
2024-09-04 15:45:07,904 INFO: [11] Playing video for session ID: inddupc1grypew2gdwx1k1bo
2024-09-04 15:45:07,904 INFO: [PREPARE] Session ready for camera 11
2024-09-04 15:45:07,910 INFO: [39] Obtained session ID: 4hyb4a51ovvwjyzzlql5pjym
2024-09-04 15:45:07,960 INFO: [39] Playing video for session ID: 4hyb4a51ovvwjyzzlql5pjym
2024-09-04 15:45:07,960 INFO: [PREPARE] Session ready for camera 39
2024-09-04 15:45:08,006 INFO: [77] Obtained session ID: qwomfylo0pqtxxwonbox5par
2024-09-04 15:45:08,111 INFO: [77] Playing video for session ID: qwomfylo0pqtxxwonbox5par
2024-09-04 15:45:08,112 INFO: [PREPARE] Session ready for camera 77
2024-09-04 15:45:08,113 INFO: [INFO] Total number of scraped CCTVs: 6
2024-09-04 15:45:08,113 INFO: [INFO] Successfully processed 6 CCTVs out of 6.
2024-09-04 15:45:08,115 INFO: [INFO] JSON data has been written to ./cctvSessionTemp/cctv_sessions_2024-09-04_15-45-08.json
2024-09-04 15:45:08,115 INFO: [INFO] All session IDs have been successfully prepared and saved.


