2024-09-02 16:00:00,941 INFO: [MAIN] Logging setup completed!
2024-09-02 16:00:00,941 INFO: [INFO] Initializing all session IDs.
2024-09-02 16:00:00,941 INFO: [PREPARE] Preparing session for camera 7
2024-09-02 16:00:00,942 INFO: [PREPARE] Preparing session for camera 11
2024-09-02 16:00:00,943 INFO: [PREPARE] Preparing session for camera 39
2024-09-02 16:00:00,944 INFO: [PREPARE] Preparing session for camera 77
2024-09-02 16:00:00,944 INFO: [PREPARE] Preparing session for camera 83
2024-09-02 16:00:00,945 INFO: [PREPARE] Preparing session for camera 572
2024-09-02 16:00:05,856 INFO: [7] Obtained session ID: k2pna20bvgtaqm2pru4ashrm
2024-09-02 16:00:05,991 INFO: [83] Obtained session ID: hd1okgfulydqbozp5tyz0f0j
2024-09-02 16:00:06,022 INFO: [7] Playing video for session ID: k2pna20bvgtaqm2pru4ashrm
2024-09-02 16:00:06,023 INFO: [PREPARE] Session ready for camera 7
2024-09-02 16:00:06,127 INFO: [83] Playing video for session ID: hd1okgfulydqbozp5tyz0f0j
2024-09-02 16:00:06,127 INFO: [PREPARE] Session ready for camera 83
2024-09-02 16:00:06,518 INFO: [39] Obtained session ID: rw4oveigcwc0pbqbcbbfp22v
2024-09-02 16:00:06,658 INFO: [39] Playing video for session ID: rw4oveigcwc0pbqbcbbfp22v
2024-09-02 16:00:06,658 INFO: [PREPARE] Session ready for camera 39
2024-09-02 16:00:07,086 INFO: [11] Obtained session ID: ydbxscgckwgjcbe3mft34fbp
2024-09-02 16:00:07,218 INFO: [11] Playing video for session ID: ydbxscgckwgjcbe3mft34fbp
2024-09-02 16:00:07,218 INFO: [PREPARE] Session ready for camera 11
2024-09-02 16:00:07,302 INFO: [77] Obtained session ID: 345xchmgh0cg5doimjx1g3yy
2024-09-02 16:00:07,324 INFO: [572] Obtained session ID: c5mk5eqdtvr0yxvusd3lqf5g
2024-09-02 16:00:07,509 INFO: [77] Playing video for session ID: 345xchmgh0cg5doimjx1g3yy
2024-09-02 16:00:07,509 INFO: [572] Playing video for session ID: c5mk5eqdtvr0yxvusd3lqf5g
2024-09-02 16:00:07,511 INFO: [PREPARE] Session ready for camera 77
2024-09-02 16:00:07,511 INFO: [PREPARE] Session ready for camera 572
2024-09-02 16:00:07,512 INFO: [INFO] Total number of scraped CCTVs: 6
2024-09-02 16:00:07,512 INFO: [INFO] Successfully processed 6 CCTVs out of 6.
2024-09-02 16:00:07,513 INFO: [INFO] JSON data has been written to ./cctvSessionTemp/cctv_sessions_2024-09-02_16-00-07.json
2024-09-02 16:00:07,513 INFO: [INFO] All session IDs have been successfully prepared and saved.


