2024-09-04 15:15:01,022 INFO: [MAIN] Logging setup completed!
2024-09-04 15:15:01,022 INFO: [INFO] Initializing all session IDs.
2024-09-04 15:15:01,023 INFO: [PREPARE] Preparing session for camera 7
2024-09-04 15:15:01,024 INFO: [PREPARE] Preparing session for camera 11
2024-09-04 15:15:01,024 INFO: [PREPARE] Preparing session for camera 39
2024-09-04 15:15:01,025 INFO: [PREPARE] Preparing session for camera 77
2024-09-04 15:15:01,025 INFO: [PREPARE] Preparing session for camera 83
2024-09-04 15:15:01,027 INFO: [PREPARE] Preparing session for camera 572
2024-09-04 15:15:07,517 INFO: [39] Obtained session ID: 2ixy4una2scs3iud5q4dz0ct
2024-09-04 15:15:07,566 INFO: [39] Playing video for session ID: 2ixy4una2scs3iud5q4dz0ct
2024-09-04 15:15:07,567 INFO: [PREPARE] Session ready for camera 39
2024-09-04 15:15:07,730 INFO: [77] Obtained session ID: 01ozaz3uxmgilnfsrkti3lj2
2024-09-04 15:15:07,780 INFO: [77] Playing video for session ID: 01ozaz3uxmgilnfsrkti3lj2
2024-09-04 15:15:07,780 INFO: [PREPARE] Session ready for camera 77
2024-09-04 15:15:08,103 INFO: [7] Obtained session ID: ngmgbhqpsivybto2ndiisycc
2024-09-04 15:15:08,174 INFO: [572] Obtained session ID: m3hgq4espc3cv0ktiiikyn4w
2024-09-04 15:15:08,185 INFO: [7] Playing video for session ID: ngmgbhqpsivybto2ndiisycc
2024-09-04 15:15:08,185 INFO: [PREPARE] Session ready for camera 7
2024-09-04 15:15:08,225 INFO: [572] Playing video for session ID: m3hgq4espc3cv0ktiiikyn4w
2024-09-04 15:15:08,225 INFO: [PREPARE] Session ready for camera 572
2024-09-04 15:15:08,433 INFO: [83] Obtained session ID: toryxbyv1c1yug4rzcscy4xf
2024-09-04 15:15:08,506 INFO: [83] Playing video for session ID: toryxbyv1c1yug4rzcscy4xf
2024-09-04 15:15:08,506 INFO: [PREPARE] Session ready for camera 83
2024-09-04 15:15:08,594 INFO: [11] Obtained session ID: iapr33ta2yk4jnbrhi2oyjza
2024-09-04 15:15:08,659 INFO: [11] Playing video for session ID: iapr33ta2yk4jnbrhi2oyjza
2024-09-04 15:15:08,659 INFO: [PREPARE] Session ready for camera 11
2024-09-04 15:15:08,659 INFO: [INFO] Total number of scraped CCTVs: 6
2024-09-04 15:15:08,659 INFO: [INFO] Successfully processed 6 CCTVs out of 6.
2024-09-04 15:15:08,660 INFO: [INFO] JSON data has been written to ./cctvSessionTemp/cctv_sessions_2024-09-04_15-15-08.json
2024-09-04 15:15:08,660 INFO: [INFO] All session IDs have been successfully prepared and saved.


