2024-09-05 09:15:00,936 INFO: [MAIN] Logging setup completed!
2024-09-05 09:15:00,936 INFO: [INFO] Initializing all session IDs.
2024-09-05 09:15:00,937 INFO: [PREPARE] Preparing session for camera 7
2024-09-05 09:15:00,937 INFO: [PREPARE] Preparing session for camera 11
2024-09-05 09:15:00,937 INFO: [PREPARE] Preparing session for camera 39
2024-09-05 09:15:00,938 INFO: [PREPARE] Preparing session for camera 77
2024-09-05 09:15:00,938 INFO: [PREPARE] Preparing session for camera 83
2024-09-05 09:15:00,939 INFO: [PREPARE] Preparing session for camera 572
2024-09-05 09:15:06,391 INFO: [11] Obtained session ID: edgvpuklpfkzmkjruj2ehnud
2024-09-05 09:15:06,556 INFO: [11] Playing video for session ID: edgvpuklpfkzmkjruj2ehnud
2024-09-05 09:15:06,556 INFO: [PREPARE] Session ready for camera 11
2024-09-05 09:15:07,943 INFO: [83] Obtained session ID: ojmrwg22yq21nm1541cezq5d
2024-09-05 09:15:08,024 INFO: [572] Obtained session ID: mo4sl5qbabtuj11obd5514zk
2024-09-05 09:15:08,027 INFO: [39] Obtained session ID: llltxtnsnxmkz0fty2ldywns
2024-09-05 09:15:08,056 INFO: [7] Obtained session ID: ioyvman5qinm4n1qh2jlxaes
2024-09-05 09:15:08,099 INFO: [83] Playing video for session ID: ojmrwg22yq21nm1541cezq5d
2024-09-05 09:15:08,100 INFO: [PREPARE] Session ready for camera 83
2024-09-05 09:15:08,131 INFO: [77] Obtained session ID: mqpwvtu3gt5vm4ulbyzyui43
2024-09-05 09:15:08,177 INFO: [39] Playing video for session ID: llltxtnsnxmkz0fty2ldywns
2024-09-05 09:15:08,178 INFO: [PREPARE] Session ready for camera 39
2024-09-05 09:15:08,178 INFO: [572] Playing video for session ID: mo4sl5qbabtuj11obd5514zk
2024-09-05 09:15:08,178 INFO: [PREPARE] Session ready for camera 572
2024-09-05 09:15:08,231 INFO: [7] Playing video for session ID: ioyvman5qinm4n1qh2jlxaes
2024-09-05 09:15:08,232 INFO: [PREPARE] Session ready for camera 7
2024-09-05 09:15:08,263 INFO: [77] Playing video for session ID: mqpwvtu3gt5vm4ulbyzyui43
2024-09-05 09:15:08,263 INFO: [PREPARE] Session ready for camera 77
2024-09-05 09:15:08,263 INFO: [INFO] Total number of scraped CCTVs: 6
2024-09-05 09:15:08,263 INFO: [INFO] Successfully processed 6 CCTVs out of 6.
2024-09-05 09:15:08,264 INFO: [INFO] JSON data has been written to ./cctvSessionTemp/cctv_sessions_2024-09-05_09-15-08.json
2024-09-05 09:15:08,264 INFO: [INFO] All session IDs have been successfully prepared and saved.


