2024-09-02 15:45:01,574 INFO: [MAIN] Logging setup completed!
2024-09-02 15:45:01,574 INFO: [INFO] Initializing all session IDs.
2024-09-02 15:45:01,575 INFO: [PREPARE] Preparing session for camera 7
2024-09-02 15:45:01,576 INFO: [PREPARE] Preparing session for camera 11
2024-09-02 15:45:01,578 INFO: [PREPARE] Preparing session for camera 39
2024-09-02 15:45:01,579 INFO: [PREPARE] Preparing session for camera 77
2024-09-02 15:45:01,579 INFO: [PREPARE] Preparing session for camera 83
2024-09-02 15:45:01,579 INFO: [PREPARE] Preparing session for camera 572
2024-09-02 15:45:06,633 INFO: [39] Obtained session ID: vof1wf23sbivus1tq1ifoell
2024-09-02 15:45:06,764 INFO: [39] Playing video for session ID: vof1wf23sbivus1tq1ifoell
2024-09-02 15:45:06,764 INFO: [PREPARE] Session ready for camera 39
2024-09-02 15:45:06,808 INFO: [7] Obtained session ID: nuft3xvwu4dfrqdkzk3tzifx
2024-09-02 15:45:06,869 INFO: [572] Obtained session ID: tvaabxtqo2ghocaqemtn412r
2024-09-02 15:45:06,909 INFO: [83] Obtained session ID: unry0coiulynec31bo25iv5e
2024-09-02 15:45:06,939 INFO: [7] Playing video for session ID: nuft3xvwu4dfrqdkzk3tzifx
2024-09-02 15:45:06,939 INFO: [PREPARE] Session ready for camera 7
2024-09-02 15:45:07,000 INFO: [572] Playing video for session ID: tvaabxtqo2ghocaqemtn412r
2024-09-02 15:45:07,000 INFO: [PREPARE] Session ready for camera 572
2024-09-02 15:45:07,057 INFO: [83] Playing video for session ID: unry0coiulynec31bo25iv5e
2024-09-02 15:45:07,058 INFO: [PREPARE] Session ready for camera 83
2024-09-02 15:45:07,935 INFO: [11] Obtained session ID: glpbllwzt0n4f0mhpieruknf
2024-09-02 15:45:07,998 INFO: [77] Obtained session ID: kh4b0fwgjdlubup0x0jztigf
2024-09-02 15:45:08,076 INFO: [11] Playing video for session ID: glpbllwzt0n4f0mhpieruknf
2024-09-02 15:45:08,076 INFO: [PREPARE] Session ready for camera 11
2024-09-02 15:45:08,147 INFO: [77] Playing video for session ID: kh4b0fwgjdlubup0x0jztigf
2024-09-02 15:45:08,147 INFO: [PREPARE] Session ready for camera 77
2024-09-02 15:45:08,148 INFO: [INFO] Total number of scraped CCTVs: 6
2024-09-02 15:45:08,148 INFO: [INFO] Successfully processed 6 CCTVs out of 6.
2024-09-02 15:45:08,149 INFO: [INFO] JSON data has been written to ./cctvSessionTemp/cctv_sessions_2024-09-02_15-45-08.json
2024-09-02 15:45:08,149 INFO: [INFO] All session IDs have been successfully prepared and saved.


