2024-09-04 21:45:00,890 INFO: [MAIN] Logging setup completed!
2024-09-04 21:45:00,891 INFO: [INFO] Initializing all session IDs.
2024-09-04 21:45:00,891 INFO: [PREPARE] Preparing session for camera 7
2024-09-04 21:45:00,892 INFO: [PREPARE] Preparing session for camera 11
2024-09-04 21:45:00,892 INFO: [PREPARE] Preparing session for camera 39
2024-09-04 21:45:00,894 INFO: [PREPARE] Preparing session for camera 77
2024-09-04 21:45:00,895 INFO: [PREPARE] Preparing session for camera 83
2024-09-04 21:45:00,895 INFO: [PREPARE] Preparing session for camera 572
2024-09-04 21:45:06,897 INFO: [77] Obtained session ID: d3otqw0dgqtvn3ruwrknp23z
2024-09-04 21:45:06,937 INFO: [39] Obtained session ID: vd0gy5mgcexu2c4345vkq0zi
2024-09-04 21:45:06,939 INFO: [11] Obtained session ID: jywr4p2duoyxwp55ngse0000
2024-09-04 21:45:07,017 INFO: [77] Playing video for session ID: d3otqw0dgqtvn3ruwrknp23z
2024-09-04 21:45:07,017 INFO: [PREPARE] Session ready for camera 77
2024-09-04 21:45:07,055 INFO: [39] Playing video for session ID: vd0gy5mgcexu2c4345vkq0zi
2024-09-04 21:45:07,055 INFO: [PREPARE] Session ready for camera 39
2024-09-04 21:45:07,060 INFO: [11] Playing video for session ID: jywr4p2duoyxwp55ngse0000
2024-09-04 21:45:07,060 INFO: [PREPARE] Session ready for camera 11
2024-09-04 21:45:07,104 INFO: [83] Obtained session ID: 1rwufv20xysvxad5chrgttin
2024-09-04 21:45:07,179 INFO: [572] Obtained session ID: rujbcgtbxlr0ncil0hr52h3c
2024-09-04 21:45:07,195 INFO: [83] Playing video for session ID: 1rwufv20xysvxad5chrgttin
2024-09-04 21:45:07,196 INFO: [PREPARE] Session ready for camera 83
2024-09-04 21:45:07,207 INFO: [7] Obtained session ID: fgzs3ijqjpnpr4znii5wz50l
2024-09-04 21:45:07,250 INFO: [572] Playing video for session ID: rujbcgtbxlr0ncil0hr52h3c
2024-09-04 21:45:07,251 INFO: [PREPARE] Session ready for camera 572
2024-09-04 21:45:07,272 INFO: [7] Playing video for session ID: fgzs3ijqjpnpr4znii5wz50l
2024-09-04 21:45:07,272 INFO: [PREPARE] Session ready for camera 7
2024-09-04 21:45:07,272 INFO: [INFO] Total number of scraped CCTVs: 6
2024-09-04 21:45:07,273 INFO: [INFO] Successfully processed 6 CCTVs out of 6.
2024-09-04 21:45:07,274 INFO: [INFO] JSON data has been written to ./cctvSessionTemp/cctv_sessions_2024-09-04_21-45-07.json
2024-09-04 21:45:07,274 INFO: [INFO] All session IDs have been successfully prepared and saved.


