2024-09-02 14:50:13,996 INFO: [MAIN] Logging setup completed!
2024-09-02 14:50:13,996 INFO: [INFO] Initializing all session IDs.
2024-09-02 14:50:13,996 INFO: [PREPARE] Preparing session for camera 7
2024-09-02 14:50:13,996 INFO: [PREPARE] Preparing session for camera 11
2024-09-02 14:50:13,997 INFO: [PREPARE] Preparing session for camera 39
2024-09-02 14:50:13,997 INFO: [PREPARE] Preparing session for camera 77
2024-09-02 14:50:13,998 INFO: [PREPARE] Preparing session for camera 83
2024-09-02 14:50:13,999 INFO: [PREPARE] Preparing session for camera 572
2024-09-02 14:50:18,030 INFO: [11] Obtained session ID: cxss3ewzvw3ozboqepprlidw
2024-09-02 14:50:18,131 INFO: [77] Obtained session ID: h4rvglb0kphydpd3jhtazjtg
2024-09-02 14:50:18,171 INFO: [11] Playing video for session ID: cxss3ewzvw3ozboqepprlidw
2024-09-02 14:50:18,171 INFO: [PREPARE] Session ready for camera 11
2024-09-02 14:50:18,301 INFO: [77] Playing video for session ID: h4rvglb0kphydpd3jhtazjtg
2024-09-02 14:50:18,301 INFO: [PREPARE] Session ready for camera 77
2024-09-02 14:50:18,762 INFO: [83] Obtained session ID: rlfqx2g43occcns5s1stvgut
2024-09-02 14:50:18,902 INFO: [83] Playing video for session ID: rlfqx2g43occcns5s1stvgut
2024-09-02 14:50:18,902 INFO: [PREPARE] Session ready for camera 83
2024-09-02 14:50:19,399 INFO: [39] Obtained session ID: 3dmevdxfcc4mwv3bu0h15jcc
2024-09-02 14:50:19,405 INFO: [7] Obtained session ID: 4bi54jecuzapsgycejpogydw
2024-09-02 14:50:19,532 INFO: [39] Playing video for session ID: 3dmevdxfcc4mwv3bu0h15jcc
2024-09-02 14:50:19,533 INFO: [PREPARE] Session ready for camera 39
2024-09-02 14:50:19,563 INFO: [7] Playing video for session ID: 4bi54jecuzapsgycejpogydw
2024-09-02 14:50:19,563 INFO: [PREPARE] Session ready for camera 7
2024-09-02 14:50:20,108 INFO: [572] Obtained session ID: bv1u3r5ysepplwdyn4ajwar2
2024-09-02 14:50:20,254 INFO: [572] Playing video for session ID: bv1u3r5ysepplwdyn4ajwar2
2024-09-02 14:50:20,254 INFO: [PREPARE] Session ready for camera 572
2024-09-02 14:50:20,255 INFO: [INFO] Total number of scraped CCTVs: 6
2024-09-02 14:50:20,255 INFO: [INFO] Successfully processed 6 CCTVs out of 6.
2024-09-02 14:50:20,256 INFO: [INFO] JSON data has been written to ./cctvSessionTemp/cctv_sessions_2024-09-02_14-50-20.json
2024-09-02 14:50:20,256 INFO: [INFO] All session IDs have been successfully prepared and saved.


