2024-09-02 15:30:01,035 INFO: [MAIN] Logging setup completed!
2024-09-02 15:30:01,035 INFO: [INFO] Initializing all session IDs.
2024-09-02 15:30:01,036 INFO: [PREPARE] Preparing session for camera 7
2024-09-02 15:30:01,036 INFO: [PREPARE] Preparing session for camera 11
2024-09-02 15:30:01,036 INFO: [PREPARE] Preparing session for camera 39
2024-09-02 15:30:01,036 INFO: [PREPARE] Preparing session for camera 77
2024-09-02 15:30:01,037 INFO: [PREPARE] Preparing session for camera 83
2024-09-02 15:30:01,038 INFO: [PREPARE] Preparing session for camera 572
2024-09-02 15:30:04,465 INFO: [39] Obtained session ID: zpgcqhdi2g4uyy1cynligm44
2024-09-02 15:30:04,651 INFO: [39] Playing video for session ID: zpgcqhdi2g4uyy1cynligm44
2024-09-02 15:30:04,653 INFO: [PREPARE] Session ready for camera 39
2024-09-02 15:30:05,706 INFO: [11] Obtained session ID: lubnku3n0qgnzhhctj20koa2
2024-09-02 15:30:05,885 INFO: [11] Playing video for session ID: lubnku3n0qgnzhhctj20koa2
2024-09-02 15:30:05,885 INFO: [PREPARE] Session ready for camera 11
2024-09-02 15:30:06,373 INFO: [7] Obtained session ID: ubmi0iajf1ehmnr5vzh5lofh
2024-09-02 15:30:06,522 INFO: [7] Playing video for session ID: ubmi0iajf1ehmnr5vzh5lofh
2024-09-02 15:30:06,522 INFO: [PREPARE] Session ready for camera 7
2024-09-02 15:30:07,321 INFO: [83] Obtained session ID: i3ppoj35ywwg4dvxt2xexe1b
2024-09-02 15:30:07,341 INFO: [572] Obtained session ID: phcht42n0lzyiomwrxylhtzn
2024-09-02 15:30:07,464 INFO: [83] Playing video for session ID: i3ppoj35ywwg4dvxt2xexe1b
2024-09-02 15:30:07,464 INFO: [PREPARE] Session ready for camera 83
2024-09-02 15:30:07,480 INFO: [572] Playing video for session ID: phcht42n0lzyiomwrxylhtzn
2024-09-02 15:30:07,480 INFO: [PREPARE] Session ready for camera 572
2024-09-02 15:30:07,554 INFO: [77] Obtained session ID: lo4x0my2nqtyfaj125rmqfou
2024-09-02 15:30:07,695 INFO: [77] Playing video for session ID: lo4x0my2nqtyfaj125rmqfou
2024-09-02 15:30:07,697 INFO: [PREPARE] Session ready for camera 77
2024-09-02 15:30:07,697 INFO: [INFO] Total number of scraped CCTVs: 6
2024-09-02 15:30:07,697 INFO: [INFO] Successfully processed 6 CCTVs out of 6.
2024-09-02 15:30:07,698 INFO: [INFO] JSON data has been written to ./cctvSessionTemp/cctv_sessions_2024-09-02_15-30-07.json
2024-09-02 15:30:07,698 INFO: [INFO] All session IDs have been successfully prepared and saved.


